2026-03-09 20:01:26.625 xcodebuild[58890:3563532]  DVTFilePathFSEvents: Failed to start fs event stream.
2026-03-09 20:01:26.729 xcodebuild[58890:3563531] [MT] DVTDeveloperPaths: Failed to get length of DARWIN_USER_CACHE_DIR from confstr(3), error = Error Domain=NSPOSIXErrorDomain Code=5 "Input/output error". Using NSCachesDirectory instead.
2026-03-09 20:01:26.929 xcodebuild[58890:3563533] CoreSimulatorService connection became invalid.  Simulator services will no longer be available.
2026-03-09 20:01:26.929 xcodebuild[58890:3563541] Logging connecton invalid: <OS_xpc_error: <dictionary: 0x2059a85d0> { count = 1, transaction: 0, voucher = 0x0, contents =
	"XPCErrorDescription" => <string: 0x2059a8718> { string cache = 0x0, length = 18, contents = "Connection invalid" }
}>
2026-03-09 20:01:26.929 xcodebuild[58890:3563541] Error opening log file (/Users/chucklin/Library/Logs/CoreSimulator/CoreSimulator.com.apple.dt.xcodebuild.log): Operation not permitted
[-[SimServiceContext sendRequest:]:1743] ERROR : Unable to deliver request ({
    "developer_dir" = "/Applications/Xcode.app/Contents/Developer";
    request = "set_developer_dir";
}) because we are not connected to CoreSimulatorService.
Command line invocation:
    /Applications/Xcode.app/Contents/Developer/usr/bin/xcodebuild -project SimpleRFID.xcodeproj -scheme SimpleRFID -configuration Debug -destination generic/platform=iOS -derivedDataPath ./DerivedData -allowProvisioningUpdates build

2026-03-09 20:01:26.960 xcodebuild[58890:3563531] [MT] DVTAssertions: Warning in DVTFrameworks/DVTFoundation/FileTypes/DVTFileDataTypeDetection.m:79
Details:  detectedTypeIdentifier (com.apple.binary-property-list) does not conform to matchedTypeIdentifier in MagicFileDataTypeDetector extenson com.apple.property-list. When both are specified, this conformance is required unless overridden by setting allowNonInheritance. extension.identifier:Xcode.MagicFileDataTypeDetector.BinaryPlist
Object:   <DVTFileDataTypeDetectionMagicCache: 0xb70210180>
Method:   -initWithExtension:
Thread:   <_NSMainThread: 0x1016f17c0>{number = 1, name = main}
Please file a bug at https://feedbackassistant.apple.com with this warning message and any useful information you can provide.
2026-03-09 20:01:26.962 xcodebuild[58890:3563531] [MT] DVTAssertions: Warning in DVTFrameworks/DVTFoundation/FileTypes/DVTFileDataTypeDetection.m:79
Details:  detectedTypeIdentifier (com.apple.xml-property-list) does not conform to matchedTypeIdentifier in MagicFileDataTypeDetector extenson com.apple.property-list. When both are specified, this conformance is required unless overridden by setting allowNonInheritance. extension.identifier:Xcode.MagicFileDataTypeDetector.XMLPlist
Object:   <DVTFileDataTypeDetectionMagicCache: 0xb70212940>
Method:   -initWithExtension:
Thread:   <_NSMainThread: 0x1016f17c0>{number = 1, name = main}
Please file a bug at https://feedbackassistant.apple.com with this warning message and any useful information you can provide.
[-[SimServiceContext initWithDeveloperDir:connectionType:error:]:450] WARN  : Unable to discover any Simulator runtimes. Developer Directory is /Applications/Xcode.app/Contents/Developer.
[-[SimDiskImageManager init]:175] ERROR : Could not kickstart simdiskimaged; SimDiskImageManager services will not be available: Error Domain=NSPOSIXErrorDomain Code=53 "Software caused connection abort" UserInfo={NSLocalizedDescription=Error returned in reply from CoreSimulatorService: Connection invalid}
[-[SimDiskImageManager _onQueue_checkConnection:]:239] ERROR : simdiskimaged returned error (invalid), marking disconnected.
[-[SimDiskImageManager _onQueue_checkConnection:]:239] ERROR : simdiskimaged returned error (invalid), marking disconnected.
[-[SimServiceContext initWithDeveloperDir:connectionType:error:]_block_invoke:486] ERROR : Could not get list of trusted mount directories: Error Domain=com.apple.CoreSimulator.SimError Code=410 "The service used to manage runtime disk images (simdiskimaged) crashed or is not responding" UserInfo={NSLocalizedDescription=The service used to manage runtime disk images (simdiskimaged) crashed or is not responding}
[-[SimServiceContext sendRequest:reply:error:]:1763] ERROR : Unable to deliver request ({
    request = "notification_subscription";
    "set_path" = "/Users/chucklin/Library/Developer/CoreSimulator/Devices";
}) because we are not connected to CoreSimulatorService.
2026-03-09 20:01:26.972 xcodebuild[58890:3563532] Error Domain=NSPOSIXErrorDomain Code=61 "Connection refused" UserInfo={NSLocalizedDescription=CoreSimulatorService connection became invalid.  Simulator services will no longer be available.}
[-[SimServiceContext sendRequest:reply:error:]:1763] ERROR : Unable to deliver request ({
    request = "notification_subscription";
    "set_path" = "/Users/chucklin/Library/Developer/CoreSimulator/Devices";
}) because we are not connected to CoreSimulatorService.
2026-03-09 20:01:26.973 xcodebuild[58890:3563540] Error Domain=NSPOSIXErrorDomain Code=61 "Connection refused" UserInfo={NSLocalizedDescription=CoreSimulatorService connection became invalid.  Simulator services will no longer be available.}
2026-03-09 20:01:26.973 xcodebuild[58890:3563532]  IDESimulatorAvailability: startObservingSimulatorUpdates() FAILED to register SimDeviceSet observer
2026-03-09 20:01:26.973 xcodebuild[58890:3563540]  iOSSimulator: [SimServiceContext defaultDeviceSetWithError:] returned nil (Error Domain=NSPOSIXErrorDomain Code=61 "Connection refused" UserInfo={NSLocalizedFailureReason=Failed to subscribe to notifications from CoreSimulatorService., NSLocalizedDescription=Failed to initialize simulator device set., NSUnderlyingError=0xb7017eb80 {Error Domain=NSPOSIXErrorDomain Code=61 "Connection refused" UserInfo={NSLocalizedDescription=CoreSimulatorService connection became invalid.  Simulator services will no longer be available.}}}). Simulator device support disabled.
2026-03-09 20:01:27.000 xcodebuild[58890:3563545]  DVTDeveloperAccountManager: Failed to load credentials for 5DD129AA-0C36-4561-A1D6-508A34EF0F87: Error Domain=DVTDeveloperAccountCredentialsError Code=0 "Invalid credentials in keychain for 5DD129AA-0C36-4561-A1D6-508A34EF0F87, missing Xcode-Username" UserInfo={NSLocalizedDescription=Invalid credentials in keychain for 5DD129AA-0C36-4561-A1D6-508A34EF0F87, missing Xcode-Username}
2026-03-09 20:01:27.001 xcodebuild[58890:3563545]  DVTDeveloperAccountManager: Failed to load credentials for 1CBB6AE9-36FA-4301-85E5-90EF278A07C7: Error Domain=DVTDeveloperAccountCredentialsError Code=0 "Invalid credentials in keychain for 1CBB6AE9-36FA-4301-85E5-90EF278A07C7, missing Xcode-Username" UserInfo={NSLocalizedDescription=Invalid credentials in keychain for 1CBB6AE9-36FA-4301-85E5-90EF278A07C7, missing Xcode-Username}
2026-03-09 20:01:27.001 xcodebuild[58890:3563545]  DVTDeveloperAccountManager: Failed to load credentials for chuck.lin@zebra.com: Error Domain=DVTDeveloperAccountCredentialsError Code=0 "Invalid credentials in keychain for chuck.lin@zebra.com, missing Xcode-Token" UserInfo={NSLocalizedDescription=Invalid credentials in keychain for chuck.lin@zebra.com, missing Xcode-Token}
2026-03-09 20:01:27.002 xcodebuild[58890:3563545]  DVTDeveloperAccountManager: Failed to load credentials for iceelin@rocketmail.com: Error Domain=DVTDeveloperAccountCredentialsError Code=0 "Invalid credentials in keychain for iceelin@rocketmail.com, missing Xcode-Token" UserInfo={NSLocalizedDescription=Invalid credentials in keychain for iceelin@rocketmail.com, missing Xcode-Token}
2026-03-09 20:01:27.002 xcodebuild[58890:3563533]  DVTProvisioningProfileManager: Failed to load profile "/Users/chucklin/Library/Developer/Xcode/UserData/Provisioning Profiles/96b80548-6c9e-4201-a739-02a17b01218a.mobileprovision" (Error Domain=DVTProvisioningProfileProviderErrorDomain Code=1 "Failed to load profile." UserInfo={NSLocalizedDescription=Failed to load profile., NSLocalizedRecoverySuggestion=Profile is missing the required UUID property.})
2026-03-09 20:01:27.002 xcodebuild[58890:3563544]  DVTProvisioningProfileManager: Failed to load profile "/Users/chucklin/Library/Developer/Xcode/UserData/Provisioning Profiles/f3321f18-996d-4d4a-bef6-6001732bbc07.mobileprovision" (Error Domain=DVTProvisioningProfileProviderErrorDomain Code=1 "Failed to load profile." UserInfo={NSLocalizedDescription=Failed to load profile., NSLocalizedRecoverySuggestion=Profile is missing the required UUID property.})
2026-03-09 20:01:27.002 xcodebuild[58890:3563532]  DVTProvisioningProfileManager: Failed to load profile "/Users/chucklin/Library/Developer/Xcode/UserData/Provisioning Profiles/356dbd4b-2597-4394-a326-9a1d5214a7c0.mobileprovision" (Error Domain=DVTProvisioningProfileProviderErrorDomain Code=1 "Failed to load profile." UserInfo={NSLocalizedDescription=Failed to load profile., NSLocalizedRecoverySuggestion=Profile is missing the required UUID property.})
2026-03-09 20:01:27.003 xcodebuild[58890:3563546]  DVTProvisioningProfileManager: Failed to load profile "/Users/chucklin/Library/Developer/Xcode/UserData/Provisioning Profiles/f7729a46-e9eb-4b0f-a25b-5b5c465554af.mobileprovision" (Error Domain=DVTProvisioningProfileProviderErrorDomain Code=1 "Failed to load profile." UserInfo={NSLocalizedDescription=Failed to load profile., NSLocalizedRecoverySuggestion=Profile is missing the required UUID property.})
2026-03-09 20:01:27.003 xcodebuild[58890:3563547]  DVTProvisioningProfileManager: Failed to load profile "/Users/chucklin/Library/Developer/Xcode/UserData/Provisioning Profiles/2dd2f18c-ced7-4cb7-9718-d28dff320d9d.mobileprovision" (Error Domain=DVTProvisioningProfileProviderErrorDomain Code=1 "Failed to load profile." UserInfo={NSLocalizedDescription=Failed to load profile., NSLocalizedRecoverySuggestion=Profile is missing the required UUID property.})
2026-03-09 20:01:27.003 xcodebuild[58890:3563541]  DVTProvisioningProfileManager: Failed to load profile "/Users/chucklin/Library/Developer/Xcode/UserData/Provisioning Profiles/0c42e8c3-491b-46d3-8b13-89354c9a6bcc.mobileprovision" (Error Domain=DVTProvisioningProfileProviderErrorDomain Code=1 "Failed to load profile." UserInfo={NSLocalizedDescription=Failed to load profile., NSLocalizedRecoverySuggestion=Profile is missing the required UUID property.})
2026-03-09 20:01:27.096 xcodebuild[58890:3563531] [MT] IDERunDestination: Supported platforms for the buildables in the current scheme is empty.
ComputePackagePrebuildTargetDependencyGraph

Prepare packages

CreateBuildRequest

SendProjectDescription

CreateBuildOperation

ComputeTargetDependencyGraph
note: Building targets in dependency order
note: Target dependency graph (1 target)
    Target 'SimpleRFID' in project 'SimpleRFID' (no dependencies)

GatherProvisioningInputs

CreateBuildDescription

ExecuteExternalTool /Applications/Xcode.app/Contents/Developer/Toolchains/XcodeDefault.xctoolchain/usr/bin/clang -v -E -dM -isysroot /Applications/Xcode.app/Contents/Developer/Platforms/iPhoneOS.platform/Developer/SDKs/iPhoneOS26.2.sdk -x c -c /dev/null

ExecuteExternalTool /Applications/Xcode.app/Contents/Developer/Toolchains/XcodeDefault.xctoolchain/usr/bin/clang -v -E -dM -arch arm64 -isysroot /Applications/Xcode.app/Contents/Developer/Platforms/iPhoneOS.platform/Developer/SDKs/iPhoneOS26.2.sdk -x objective-c -c /dev/null

ExecuteExternalTool /Applications/Xcode.app/Contents/Developer/usr/bin/ibtool --version --output-format xml1

ExecuteExternalTool /Applications/Xcode.app/Contents/Developer/Toolchains/XcodeDefault.xctoolchain/usr/bin/clang -v -E -dM -arch arm64 -isysroot /Applications/Xcode.app/Contents/Developer/Platforms/iPhoneOS.platform/Developer/SDKs/iPhoneOS26.2.sdk -x c -c /dev/null

ExecuteExternalTool /Applications/Xcode.app/Contents/Developer/usr/bin/actool --print-asset-tag-combinations --output-format xml1 /Users/chucklin/Documents/Documents - Chuck’s MacBook Pro/iOS/11_ProClip/iRead_newSDK_Rel_ProCLI_v04_working/SimpleRFID/Assets.xcassets

ExecuteExternalTool /Applications/Xcode.app/Contents/Developer/usr/bin/actool --version --output-format xml1

ExecuteExternalTool /Applications/Xcode.app/Contents/Developer/Toolchains/XcodeDefault.xctoolchain/usr/bin/ld -version_details

Build description signature: 1aea6165c53862fef746dedda6a1f668
Build description path: /Users/chucklin/Documents/Documents - Chuck’s MacBook Pro/iOS/11_ProClip/iRead_newSDK_Rel_ProCLI_v04_working/DerivedData/Build/Intermediates.noindex/XCBuildData/1aea6165c53862fef746dedda6a1f668.xcbuilddata
/Users/chucklin/Documents/Documents - Chuck’s MacBook Pro/iOS/11_ProClip/iRead_newSDK_Rel_ProCLI_v04_working/SimpleRFID.xcodeproj: error: No Accounts: Add a new account in Accounts settings. (in target 'SimpleRFID' from project 'SimpleRFID')
/Users/chucklin/Documents/Documents - Chuck’s MacBook Pro/iOS/11_ProClip/iRead_newSDK_Rel_ProCLI_v04_working/SimpleRFID.xcodeproj: error: No profiles for 'com.zebra.RFIDDemoApp' were found: Xcode couldn't find any iOS App Development provisioning profiles matching 'com.zebra.RFIDDemoApp'. (in target 'SimpleRFID' from project 'SimpleRFID')
** BUILD FAILED **


The following build commands failed:
	Building project SimpleRFID with scheme SimpleRFID and configuration Debug
(1 failure)
