2026-03-09 19:57:37.429 xcodebuild[58681:3558505]  DVTFilePathFSEvents: Failed to start fs event stream.
2026-03-09 19:57:37.523 xcodebuild[58681:3558504] [MT] DVTDeveloperPaths: Failed to get length of DARWIN_USER_CACHE_DIR from confstr(3), error = Error Domain=NSPOSIXErrorDomain Code=5 "Input/output error". Using NSCachesDirectory instead.
2026-03-09 19:57:37.744 xcodebuild[58681:3558506] CoreSimulatorService connection became invalid.  Simulator services will no longer be available.
2026-03-09 19:57:37.744 xcodebuild[58681:3558521] Logging connecton invalid: <OS_xpc_error: <dictionary: 0x2059a85d0> { count = 1, transaction: 0, voucher = 0x0, contents =
	"XPCErrorDescription" => <string: 0x2059a8718> { string cache = 0x0, length = 18, contents = "Connection invalid" }
}>
2026-03-09 19:57:37.745 xcodebuild[58681:3558521] Error opening log file (/Users/chucklin/Library/Logs/CoreSimulator/CoreSimulator.com.apple.dt.xcodebuild.log): Operation not permitted
[-[SimServiceContext sendRequest:]:1743] ERROR : Unable to deliver request ({
    "developer_dir" = "/Applications/Xcode.app/Contents/Developer";
    request = "set_developer_dir";
}) because we are not connected to CoreSimulatorService.
Command line invocation:
    /Applications/Xcode.app/Contents/Developer/usr/bin/xcodebuild -project SimpleRFID.xcodeproj -scheme SimpleRFID -configuration Debug -destination generic/platform=iOS -derivedDataPath ./DerivedData CODE_SIGNING_ALLOWED=NO build

Build settings from command line:
    CODE_SIGNING_ALLOWED = NO

2026-03-09 19:57:37.777 xcodebuild[58681:3558504] [MT] DVTAssertions: Warning in DVTFrameworks/DVTFoundation/FileTypes/DVTFileDataTypeDetection.m:79
Details:  detectedTypeIdentifier (com.apple.xml-property-list) does not conform to matchedTypeIdentifier in MagicFileDataTypeDetector extenson com.apple.property-list. When both are specified, this conformance is required unless overridden by setting allowNonInheritance. extension.identifier:Xcode.MagicFileDataTypeDetector.XMLPlist
Object:   <DVTFileDataTypeDetectionMagicCache: 0xb9a2069d0>
Method:   -initWithExtension:
Thread:   <_NSMainThread: 0x1029397c0>{number = 1, name = main}
Please file a bug at https://feedbackassistant.apple.com with this warning message and any useful information you can provide.
2026-03-09 19:57:37.778 xcodebuild[58681:3558504] [MT] DVTAssertions: Warning in DVTFrameworks/DVTFoundation/FileTypes/DVTFileDataTypeDetection.m:79
Details:  detectedTypeIdentifier (com.apple.binary-property-list) does not conform to matchedTypeIdentifier in MagicFileDataTypeDetector extenson com.apple.property-list. When both are specified, this conformance is required unless overridden by setting allowNonInheritance. extension.identifier:Xcode.MagicFileDataTypeDetector.BinaryPlist
Object:   <DVTFileDataTypeDetectionMagicCache: 0xb9a2299b0>
Method:   -initWithExtension:
Thread:   <_NSMainThread: 0x1029397c0>{number = 1, name = main}
Please file a bug at https://feedbackassistant.apple.com with this warning message and any useful information you can provide.
[-[SimServiceContext initWithDeveloperDir:connectionType:error:]:450] WARN  : Unable to discover any Simulator runtimes. Developer Directory is /Applications/Xcode.app/Contents/Developer.
[-[SimDiskImageManager init]:175] ERROR : Could not kickstart simdiskimaged; SimDiskImageManager services will not be available: Error Domain=NSPOSIXErrorDomain Code=53 "Software caused connection abort" UserInfo={NSLocalizedDescription=Error returned in reply from CoreSimulatorService: Connection invalid}
[-[SimDiskImageManager _onQueue_checkConnection:]:239] ERROR : simdiskimaged returned error (invalid), marking disconnected.
[-[SimDiskImageManager _onQueue_checkConnection:]:239] ERROR : simdiskimaged returned error (invalid), marking disconnected.
[-[SimServiceContext initWithDeveloperDir:connectionType:error:]_block_invoke:486] ERROR : Could not get list of trusted mount directories: Error Domain=com.apple.CoreSimulator.SimError Code=410 "The service used to manage runtime disk images (simdiskimaged) crashed or is not responding" UserInfo={NSLocalizedDescription=The service used to manage runtime disk images (simdiskimaged) crashed or is not responding}
[-[SimServiceContext sendRequest:reply:error:]:1763] ERROR : Unable to deliver request ({
    request = "notification_subscription";
    "set_path" = "/Users/chucklin/Library/Developer/CoreSimulator/Devices";
}) because we are not connected to CoreSimulatorService.
2026-03-09 19:57:37.789 xcodebuild[58681:3558505] Error Domain=NSPOSIXErrorDomain Code=61 "Connection refused" UserInfo={NSLocalizedDescription=CoreSimulatorService connection became invalid.  Simulator services will no longer be available.}
[-[SimServiceContext sendRequest:reply:error:]:1763] ERROR : Unable to deliver request ({
    request = "notification_subscription";
    "set_path" = "/Users/chucklin/Library/Developer/CoreSimulator/Devices";
}) because we are not connected to CoreSimulatorService.
2026-03-09 19:57:37.790 xcodebuild[58681:3558521] Error Domain=NSPOSIXErrorDomain Code=61 "Connection refused" UserInfo={NSLocalizedDescription=CoreSimulatorService connection became invalid.  Simulator services will no longer be available.}
2026-03-09 19:57:37.790 xcodebuild[58681:3558505]  IDESimulatorAvailability: startObservingSimulatorUpdates() FAILED to register SimDeviceSet observer
2026-03-09 19:57:37.790 xcodebuild[58681:3558521]  iOSSimulator: [SimServiceContext defaultDeviceSetWithError:] returned nil (Error Domain=NSPOSIXErrorDomain Code=61 "Connection refused" UserInfo={NSLocalizedFailureReason=Failed to subscribe to notifications from CoreSimulatorService., NSLocalizedDescription=Failed to initialize simulator device set., NSUnderlyingError=0xb9a1ae130 {Error Domain=NSPOSIXErrorDomain Code=61 "Connection refused" UserInfo={NSLocalizedDescription=CoreSimulatorService connection became invalid.  Simulator services will no longer be available.}}}). Simulator device support disabled.
2026-03-09 19:57:37.822 xcodebuild[58681:3558527]  DVTProvisioningProfileManager: Failed to load profile "/Users/chucklin/Library/Developer/Xcode/UserData/Provisioning Profiles/96b80548-6c9e-4201-a739-02a17b01218a.mobileprovision" (Error Domain=DVTProvisioningProfileProviderErrorDomain Code=1 "Failed to load profile." UserInfo={NSLocalizedDescription=Failed to load profile., NSLocalizedRecoverySuggestion=Profile is missing the required UUID property.})
2026-03-09 19:57:37.822 xcodebuild[58681:3558505]  DVTProvisioningProfileManager: Failed to load profile "/Users/chucklin/Library/Developer/Xcode/UserData/Provisioning Profiles/356dbd4b-2597-4394-a326-9a1d5214a7c0.mobileprovision" (Error Domain=DVTProvisioningProfileProviderErrorDomain Code=1 "Failed to load profile." UserInfo={NSLocalizedDescription=Failed to load profile., NSLocalizedRecoverySuggestion=Profile is missing the required UUID property.})
2026-03-09 19:57:37.822 xcodebuild[58681:3558525]  DVTProvisioningProfileManager: Failed to load profile "/Users/chucklin/Library/Developer/Xcode/UserData/Provisioning Profiles/f3321f18-996d-4d4a-bef6-6001732bbc07.mobileprovision" (Error Domain=DVTProvisioningProfileProviderErrorDomain Code=1 "Failed to load profile." UserInfo={NSLocalizedDescription=Failed to load profile., NSLocalizedRecoverySuggestion=Profile is missing the required UUID property.})
2026-03-09 19:57:37.822 xcodebuild[58681:3558520]  DVTProvisioningProfileManager: Failed to load profile "/Users/chucklin/Library/Developer/Xcode/UserData/Provisioning Profiles/0c42e8c3-491b-46d3-8b13-89354c9a6bcc.mobileprovision" (Error Domain=DVTProvisioningProfileProviderErrorDomain Code=1 "Failed to load profile." UserInfo={NSLocalizedDescription=Failed to load profile., NSLocalizedRecoverySuggestion=Profile is missing the required UUID property.})
2026-03-09 19:57:37.822 xcodebuild[58681:3558506]  DVTProvisioningProfileManager: Failed to load profile "/Users/chucklin/Library/Developer/Xcode/UserData/Provisioning Profiles/2dd2f18c-ced7-4cb7-9718-d28dff320d9d.mobileprovision" (Error Domain=DVTProvisioningProfileProviderErrorDomain Code=1 "Failed to load profile." UserInfo={NSLocalizedDescription=Failed to load profile., NSLocalizedRecoverySuggestion=Profile is missing the required UUID property.})
2026-03-09 19:57:37.822 xcodebuild[58681:3558521]  DVTProvisioningProfileManager: Failed to load profile "/Users/chucklin/Library/Developer/Xcode/UserData/Provisioning Profiles/f7729a46-e9eb-4b0f-a25b-5b5c465554af.mobileprovision" (Error Domain=DVTProvisioningProfileProviderErrorDomain Code=1 "Failed to load profile." UserInfo={NSLocalizedDescription=Failed to load profile., NSLocalizedRecoverySuggestion=Profile is missing the required UUID property.})
2026-03-09 19:57:37.916 xcodebuild[58681:3558504] [MT] IDERunDestination: Supported platforms for the buildables in the current scheme is empty.
ComputePackagePrebuildTargetDependencyGraph

Prepare packages

CreateBuildRequest

SendProjectDescription

CreateBuildOperation

ComputeTargetDependencyGraph
note: Building targets in dependency order
note: Target dependency graph (1 target)
    Target 'SimpleRFID' in project 'SimpleRFID' (no dependencies)

GatherProvisioningInputs

CreateBuildDescription

ClangStatCache /Applications/Xcode.app/Contents/Developer/Toolchains/XcodeDefault.xctoolchain/usr/bin/clang-stat-cache /Applications/Xcode.app/Contents/Developer/Platforms/iPhoneOS.platform/Developer/SDKs/iPhoneOS26.2.sdk /Users/chucklin/Documents/Documents\ -\ Chuck’s\ MacBook\ Pro/iOS/11_ProClip/iRead_newSDK_Rel_ProCLI_v04_working/DerivedData/SDKStatCaches.noindex/iphoneos26.2-23C57-3794476bd08197c3e2abd9bb477ef7f7.sdkstatcache
    cd /Users/chucklin/Documents/Documents\ -\ Chuck’s\ MacBook\ Pro/iOS/11_ProClip/iRead_newSDK_Rel_ProCLI_v04_working/SimpleRFID.xcodeproj
    /Applications/Xcode.app/Contents/Developer/Toolchains/XcodeDefault.xctoolchain/usr/bin/clang-stat-cache /Applications/Xcode.app/Contents/Developer/Platforms/iPhoneOS.platform/Developer/SDKs/iPhoneOS26.2.sdk -o /Users/chucklin/Documents/Documents\ -\ Chuck’s\ MacBook\ Pro/iOS/11_ProClip/iRead_newSDK_Rel_ProCLI_v04_working/DerivedData/SDKStatCaches.noindex/iphoneos26.2-23C57-3794476bd08197c3e2abd9bb477ef7f7.sdkstatcache
Failed to create FS event stream. Considering the cache up-to-date.

CompileStoryboard /Users/chucklin/Documents/Documents\ -\ Chuck’s\ MacBook\ Pro/iOS/11_ProClip/iRead_newSDK_Rel_ProCLI_v04_working/SimpleRFID/Base.lproj/Main.storyboard (in target 'SimpleRFID' from project 'SimpleRFID')
    cd /Users/chucklin/Documents/Documents\ -\ Chuck’s\ MacBook\ Pro/iOS/11_ProClip/iRead_newSDK_Rel_ProCLI_v04_working
    /Applications/Xcode.app/Contents/Developer/usr/bin/ibtool --errors --warnings --notices --module SimpleRFID --output-partial-info-plist /Users/chucklin/Documents/Documents\ -\ Chuck’s\ MacBook\ Pro/iOS/11_ProClip/iRead_newSDK_Rel_ProCLI_v04_working/DerivedData/Build/Intermediates.noindex/SimpleRFID.build/Debug-iphoneos/SimpleRFID.build/Base.lproj/Main-SBPartialInfo.plist --auto-activate-custom-fonts --target-device iphone --minimum-deployment-target 12.0 --output-format human-readable-text /Users/chucklin/Documents/Documents\ -\ Chuck’s\ MacBook\ Pro/iOS/11_ProClip/iRead_newSDK_Rel_ProCLI_v04_working/SimpleRFID/Base.lproj/Main.storyboard --compilation-directory /Users/chucklin/Documents/Documents\ -\ Chuck’s\ MacBook\ Pro/iOS/11_ProClip/iRead_newSDK_Rel_ProCLI_v04_working/DerivedData/Build/Intermediates.noindex/SimpleRFID.build/Debug-iphoneos/SimpleRFID.build/Base.lproj
2026-03-09 19:57:38.814 ibtoold[58685:3558661] CoreSimulatorService connection became invalid.  Simulator services will no longer be available.
2026-03-09 19:57:38.816 ibtoold[58685:3558670] Logging connecton invalid: <OS_xpc_error: <dictionary: 0x2059a85d0> { count = 1, transaction: 0, voucher = 0x0, contents =
	"XPCErrorDescription" => <string: 0x2059a8718> { string cache = 0x0, length = 18, contents = "Connection invalid" }
}>
2026-03-09 19:57:38.817 ibtoold[58685:3558666] Error opening log file (/Users/chucklin/Library/Logs/CoreSimulator/CoreSimulator.com.apple.ibtool.log): Operation not permitted
[-[SimServiceContext sendRequest:]:1743] ERROR : Unable to deliver request ({
    "developer_dir" = "/Applications/Xcode.app/Contents/Developer";
    request = "set_developer_dir";
}) because we are not connected to CoreSimulatorService.
[-[SimServiceContext initWithDeveloperDir:connectionType:error:]:450] WARN  : Unable to discover any Simulator runtimes. Developer Directory is /Applications/Xcode.app/Contents/Developer.
[-[SimDiskImageManager init]:175] ERROR : Could not kickstart simdiskimaged; SimDiskImageManager services will not be available: Error Domain=NSPOSIXErrorDomain Code=53 "Software caused connection abort" UserInfo={NSLocalizedDescription=Error returned in reply from CoreSimulatorService: Connection invalid}
[-[SimDiskImageManager _onQueue_checkConnection:]:239] ERROR : simdiskimaged returned error (invalid), marking disconnected.
[-[SimDiskImageManager _onQueue_checkConnection:]:239] ERROR : simdiskimaged returned error (invalid), marking disconnected.
[-[SimServiceContext initWithDeveloperDir:connectionType:error:]_block_invoke:486] ERROR : Could not get list of trusted mount directories: Error Domain=com.apple.CoreSimulator.SimError Code=410 "The service used to manage runtime disk images (simdiskimaged) crashed or is not responding" UserInfo={NSLocalizedDescription=The service used to manage runtime disk images (simdiskimaged) crashed or is not responding}
[-[SimServiceContext sendRequest:reply:error:]:1763] ERROR : Unable to deliver request ({
    request = "notification_subscription";
    "set_path" = "/Users/chucklin/Library/Developer/CoreSimulator/Devices";
}) because we are not connected to CoreSimulatorService.
2026-03-09 19:57:38.941 ibtoold[58685:3558594] Error Domain=NSPOSIXErrorDomain Code=61 "Connection refused" UserInfo={NSLocalizedDescription=CoreSimulatorService connection became invalid.  Simulator services will no longer be available.}
2026-03-09 19:57:39.147 ibtoold[58685:3558590] CoreSimulatorService connection became invalid.  Simulator services will no longer be available.
[-[SimServiceContext sendRequest:]:1743] ERROR : Unable to deliver request ({
    "developer_dir" = "/Applications/Xcode.app/Contents/Developer";
    request = "set_developer_dir";
}) because we are not connected to CoreSimulatorService.
[-[SimServiceContext initWithDeveloperDir:connectionType:error:]:450] WARN  : Unable to discover any Simulator runtimes. Developer Directory is /Applications/Xcode.app/Contents/Developer.
[-[SimDiskImageManager _onQueue_checkConnection:]:219] ERROR : simdiskimaged connection is currently unavailable because connection became invalid
[-[SimServiceContext initWithDeveloperDir:connectionType:error:]_block_invoke:486] ERROR : Could not get list of trusted mount directories: Error Domain=com.apple.CoreSimulator.SimError Code=409 "Cannot talk to the service used to manage runtime disk images (simdiskimaged) because its launchd job is not registered or was unloaded" UserInfo={NSLocalizedDescription=Cannot talk to the service used to manage runtime disk images (simdiskimaged) because its launchd job is not registered or was unloaded}
[-[SimServiceContext sendRequest:]:1743] ERROR : Unable to deliver request ({
    path = "/Applications/Xcode.app/Contents/Developer/Platforms/AppleTVSimulator.platform/Developer/Library/Xcode/PrivatePlugIns/IDEInterfaceBuilderAppleTVIntegration.framework/Resources";
    request = "add_profiles";
}) because we are not connected to CoreSimulatorService.
[-[SimServiceContext sendRequest:]:1743] ERROR : Unable to deliver request ({
    path = "/Applications/Xcode.app/Contents/PlugIns/IDEInterfaceBuilderiOSIntegration.ideplugin/Contents/Resources";
    request = "add_profiles";
}) because we are not connected to CoreSimulatorService.

CompileAssetCatalogVariant thinned /Users/chucklin/Documents/Documents\ -\ Chuck’s\ MacBook\ Pro/iOS/11_ProClip/iRead_newSDK_Rel_ProCLI_v04_working/DerivedData/Build/Products/Debug-iphoneos/SimpleRFID.app /Users/chucklin/Documents/Documents\ -\ Chuck’s\ MacBook\ Pro/iOS/11_ProClip/iRead_newSDK_Rel_ProCLI_v04_working/SimpleRFID/Assets.xcassets (in target 'SimpleRFID' from project 'SimpleRFID')
    cd /Users/chucklin/Documents/Documents\ -\ Chuck’s\ MacBook\ Pro/iOS/11_ProClip/iRead_newSDK_Rel_ProCLI_v04_working
    /Applications/Xcode.app/Contents/Developer/usr/bin/actool /Users/chucklin/Documents/Documents\ -\ Chuck’s\ MacBook\ Pro/iOS/11_ProClip/iRead_newSDK_Rel_ProCLI_v04_working/SimpleRFID/Assets.xcassets --compile /Users/chucklin/Documents/Documents\ -\ Chuck’s\ MacBook\ Pro/iOS/11_ProClip/iRead_newSDK_Rel_ProCLI_v04_working/DerivedData/Build/Intermediates.noindex/SimpleRFID.build/Debug-iphoneos/SimpleRFID.build/assetcatalog_output/thinned --output-format human-readable-text --notices --warnings --export-dependency-info /Users/chucklin/Documents/Documents\ -\ Chuck’s\ MacBook\ Pro/iOS/11_ProClip/iRead_newSDK_Rel_ProCLI_v04_working/DerivedData/Build/Intermediates.noindex/SimpleRFID.build/Debug-iphoneos/SimpleRFID.build/assetcatalog_dependencies_thinned --output-partial-info-plist /Users/chucklin/Documents/Documents\ -\ Chuck’s\ MacBook\ Pro/iOS/11_ProClip/iRead_newSDK_Rel_ProCLI_v04_working/DerivedData/Build/Intermediates.noindex/SimpleRFID.build/Debug-iphoneos/SimpleRFID.build/assetcatalog_generated_info.plist_thinned --app-icon AppIcon --compress-pngs --enable-on-demand-resources YES --development-region en --target-device iphone --minimum-deployment-target 12.0 --platform iphoneos
2026-03-09 19:57:38.821 ibtoold[58686:3558659] CoreSimulatorService connection became invalid.  Simulator services will no longer be available.
2026-03-09 19:57:38.827 ibtoold[58686:3558674] Logging connecton invalid: <OS_xpc_error: <dictionary: 0x2059a85d0> { count = 1, transaction: 0, voucher = 0x0, contents =
	"XPCErrorDescription" => <string: 0x2059a8718> { string cache = 0x0, length = 18, contents = "Connection invalid" }
}>
2026-03-09 19:57:38.827 ibtoold[58686:3558674] Error opening log file (/Users/chucklin/Library/Logs/CoreSimulator/CoreSimulator.com.apple.ibtool.log): Operation not permitted
[-[SimServiceContext sendRequest:]:1743] ERROR : Unable to deliver request ({
    "developer_dir" = "/Applications/Xcode.app/Contents/Developer";
    request = "set_developer_dir";
}) because we are not connected to CoreSimulatorService.
[-[SimServiceContext initWithDeveloperDir:connectionType:error:]:450] WARN  : Unable to discover any Simulator runtimes. Developer Directory is /Applications/Xcode.app/Contents/Developer.
[-[SimDiskImageManager init]:175] ERROR : Could not kickstart simdiskimaged; SimDiskImageManager services will not be available: Error Domain=NSPOSIXErrorDomain Code=53 "Software caused connection abort" UserInfo={NSLocalizedDescription=Error returned in reply from CoreSimulatorService: Connection invalid}
[-[SimDiskImageManager _onQueue_checkConnection:]:239] ERROR : simdiskimaged returned error (invalid), marking disconnected.
[-[SimServiceContext initWithDeveloperDir:connectionType:error:]_block_invoke:486] ERROR : Could not get list of trusted mount directories: Error Domain=com.apple.CoreSimulator.SimError Code=410 "The service used to manage runtime disk images (simdiskimaged) crashed or is not responding" UserInfo={NSLocalizedDescription=The service used to manage runtime disk images (simdiskimaged) crashed or is not responding}
[-[SimDiskImageManager _onQueue_checkConnection:]:239] ERROR : simdiskimaged returned error (invalid), marking disconnected.
[-[SimServiceContext sendRequest:reply:error:]:1763] ERROR : Unable to deliver request ({
    request = "notification_subscription";
    "set_path" = "/Users/chucklin/Library/Developer/CoreSimulator/Devices";
}) because we are not connected to CoreSimulatorService.
2026-03-09 19:57:38.933 ibtoold[58686:3558593] Error Domain=NSPOSIXErrorDomain Code=61 "Connection refused" UserInfo={NSLocalizedDescription=CoreSimulatorService connection became invalid.  Simulator services will no longer be available.}
[-[SimServiceContext sendRequest:]:1743] ERROR : Unable to deliver request ({
    "developer_dir" = "/Applications/Xcode.app/Contents/Developer";
    request = "set_developer_dir";
}) because we are not connected to CoreSimulatorService.
2026-03-09 19:57:39.127 ibtoold[58686:3558592] CoreSimulatorService connection became invalid.  Simulator services will no longer be available.
[-[SimServiceContext initWithDeveloperDir:connectionType:error:]:450] WARN  : Unable to discover any Simulator runtimes. Developer Directory is /Applications/Xcode.app/Contents/Developer.
[-[SimDiskImageManager _onQueue_checkConnection:]:219] ERROR : simdiskimaged connection is currently unavailable because connection became invalid
[-[SimServiceContext initWithDeveloperDir:connectionType:error:]_block_invoke:486] ERROR : Could not get list of trusted mount directories: Error Domain=com.apple.CoreSimulator.SimError Code=409 "Cannot talk to the service used to manage runtime disk images (simdiskimaged) because its launchd job is not registered or was unloaded" UserInfo={NSLocalizedDescription=Cannot talk to the service used to manage runtime disk images (simdiskimaged) because its launchd job is not registered or was unloaded}
[-[SimServiceContext sendRequest:]:1743] ERROR : Unable to deliver request ({
    path = "/Applications/Xcode.app/Contents/PlugIns/IDEInterfaceBuilderiOSIntegration.ideplugin/Contents/Resources";
    request = "add_profiles";
}) because we are not connected to CoreSimulatorService.
[-[SimServiceContext sendRequest:]:1743] ERROR : Unable to deliver request ({
    path = "/Applications/Xcode.app/Contents/Developer/Platforms/AppleTVSimulator.platform/Developer/Library/Xcode/PrivatePlugIns/IDEInterfaceBuilderAppleTVIntegration.framework/Resources";
    request = "add_profiles";
}) because we are not connected to CoreSimulatorService.
/* com.apple.actool.errors */
/Users/chucklin/Documents/Documents - Chuck’s MacBook Pro/iOS/11_ProClip/iRead_newSDK_Rel_ProCLI_v04_working/SimpleRFID/Assets.xcassets: error: No available simulator runtimes for platform iphonesimulator. SimServiceContext supportedRuntimes=[]
/* com.apple.actool.compilation-results */
/Users/chucklin/Documents/Documents - Chuck’s MacBook Pro/iOS/11_ProClip/iRead_newSDK_Rel_ProCLI_v04_working/DerivedData/Build/Intermediates.noindex/SimpleRFID.build/Debug-iphoneos/SimpleRFID.build/assetcatalog_generated_info.plist_thinned


CompileStoryboard /Users/chucklin/Documents/Documents\ -\ Chuck’s\ MacBook\ Pro/iOS/11_ProClip/iRead_newSDK_Rel_ProCLI_v04_working/SimpleRFID/Base.lproj/LaunchScreen.storyboard (in target 'SimpleRFID' from project 'SimpleRFID')
    cd /Users/chucklin/Documents/Documents\ -\ Chuck’s\ MacBook\ Pro/iOS/11_ProClip/iRead_newSDK_Rel_ProCLI_v04_working
    /Applications/Xcode.app/Contents/Developer/usr/bin/ibtool --errors --warnings --notices --module SimpleRFID --output-partial-info-plist /Users/chucklin/Documents/Documents\ -\ Chuck’s\ MacBook\ Pro/iOS/11_ProClip/iRead_newSDK_Rel_ProCLI_v04_working/DerivedData/Build/Intermediates.noindex/SimpleRFID.build/Debug-iphoneos/SimpleRFID.build/Base.lproj/LaunchScreen-SBPartialInfo.plist --auto-activate-custom-fonts --target-device iphone --minimum-deployment-target 12.0 --output-format human-readable-text /Users/chucklin/Documents/Documents\ -\ Chuck’s\ MacBook\ Pro/iOS/11_ProClip/iRead_newSDK_Rel_ProCLI_v04_working/SimpleRFID/Base.lproj/LaunchScreen.storyboard --compilation-directory /Users/chucklin/Documents/Documents\ -\ Chuck’s\ MacBook\ Pro/iOS/11_ProClip/iRead_newSDK_Rel_ProCLI_v04_working/DerivedData/Build/Intermediates.noindex/SimpleRFID.build/Debug-iphoneos/SimpleRFID.build/Base.lproj
2026-03-09 19:57:38.813 ibtoold[58687:3558660] CoreSimulatorService connection became invalid.  Simulator services will no longer be available.
2026-03-09 19:57:38.814 ibtoold[58687:3558664] Logging connecton invalid: <OS_xpc_error: <dictionary: 0x2059a85d0> { count = 1, transaction: 0, voucher = 0x0, contents =
	"XPCErrorDescription" => <string: 0x2059a8718> { string cache = 0x0, length = 18, contents = "Connection invalid" }
}>
2026-03-09 19:57:38.814 ibtoold[58687:3558663] Error opening log file (/Users/chucklin/Library/Logs/CoreSimulator/CoreSimulator.com.apple.ibtool.log): Operation not permitted
[-[SimServiceContext sendRequest:]:1743] ERROR : Unable to deliver request ({
    "developer_dir" = "/Applications/Xcode.app/Contents/Developer";
    request = "set_developer_dir";
}) because we are not connected to CoreSimulatorService.
[-[SimServiceContext initWithDeveloperDir:connectionType:error:]:450] WARN  : Unable to discover any Simulator runtimes. Developer Directory is /Applications/Xcode.app/Contents/Developer.
[-[SimDiskImageManager init]:175] ERROR : Could not kickstart simdiskimaged; SimDiskImageManager services will not be available: Error Domain=NSPOSIXErrorDomain Code=53 "Software caused connection abort" UserInfo={NSLocalizedDescription=Error returned in reply from CoreSimulatorService: Connection invalid}
[-[SimDiskImageManager _onQueue_checkConnection:]:219] ERROR : simdiskimaged connection is currently unavailable because connection became invalid
[-[SimDiskImageManager _onQueue_checkConnection:]:219] ERROR : simdiskimaged connection is currently unavailable because connection became invalid
[-[SimServiceContext initWithDeveloperDir:connectionType:error:]_block_invoke:486] ERROR : Could not get list of trusted mount directories: Error Domain=com.apple.CoreSimulator.SimError Code=409 "Cannot talk to the service used to manage runtime disk images (simdiskimaged) because its launchd job is not registered or was unloaded" UserInfo={NSLocalizedDescription=Cannot talk to the service used to manage runtime disk images (simdiskimaged) because its launchd job is not registered or was unloaded}
[-[SimServiceContext sendRequest:reply:error:]:1763] ERROR : Unable to deliver request ({
    request = "notification_subscription";
    "set_path" = "/Users/chucklin/Library/Developer/CoreSimulator/Devices";
}) because we are not connected to CoreSimulatorService.
2026-03-09 19:57:38.933 ibtoold[58687:3558595] Error Domain=NSPOSIXErrorDomain Code=61 "Connection refused" UserInfo={NSLocalizedDescription=CoreSimulatorService connection became invalid.  Simulator services will no longer be available.}
[-[SimServiceContext sendRequest:]:1743] ERROR : Unable to deliver request ({
    "developer_dir" = "/Applications/Xcode.app/Contents/Developer";
    request = "set_developer_dir";
}) because we are not connected to CoreSimulatorService.
2026-03-09 19:57:39.145 ibtoold[58687:3558686] CoreSimulatorService connection became invalid.  Simulator services will no longer be available.
[-[SimServiceContext initWithDeveloperDir:connectionType:error:]:450] WARN  : Unable to discover any Simulator runtimes. Developer Directory is /Applications/Xcode.app/Contents/Developer.
[-[SimDiskImageManager _onQueue_checkConnection:]:219] ERROR : simdiskimaged connection is currently unavailable because connection became invalid
[-[SimServiceContext initWithDeveloperDir:connectionType:error:]_block_invoke:486] ERROR : Could not get list of trusted mount directories: Error Domain=com.apple.CoreSimulator.SimError Code=409 "Cannot talk to the service used to manage runtime disk images (simdiskimaged) because its launchd job is not registered or was unloaded" UserInfo={NSLocalizedDescription=Cannot talk to the service used to manage runtime disk images (simdiskimaged) because its launchd job is not registered or was unloaded}
[-[SimServiceContext sendRequest:]:1743] ERROR : Unable to deliver request ({
    path = "/Applications/Xcode.app/Contents/Developer/Platforms/AppleTVSimulator.platform/Developer/Library/Xcode/PrivatePlugIns/IDEInterfaceBuilderAppleTVIntegration.framework/Resources";
    request = "add_profiles";
}) because we are not connected to CoreSimulatorService.
[-[SimServiceContext sendRequest:]:1743] ERROR : Unable to deliver request ({
    path = "/Applications/Xcode.app/Contents/PlugIns/IDEInterfaceBuilderiOSIntegration.ideplugin/Contents/Resources";
    request = "add_profiles";
}) because we are not connected to CoreSimulatorService.

ScanDependencies /Users/chucklin/Documents/Documents\ -\ Chuck’s\ MacBook\ Pro/iOS/11_ProClip/iRead_newSDK_Rel_ProCLI_v04_working/DerivedData/Build/Intermediates.noindex/SimpleRFID.build/Debug-iphoneos/SimpleRFID.build/Objects-normal/arm64/ViewController.o /Users/chucklin/Documents/Documents\ -\ Chuck’s\ MacBook\ Pro/iOS/11_ProClip/iRead_newSDK_Rel_ProCLI_v04_working/SimpleRFID/ViewController.m normal arm64 objective-c com.apple.compilers.llvm.clang.1_0.compiler (in target 'SimpleRFID' from project 'SimpleRFID')
    cd /Users/chucklin/Documents/Documents\ -\ Chuck’s\ MacBook\ Pro/iOS/11_ProClip/iRead_newSDK_Rel_ProCLI_v04_working
    
    Using response file: /Users/chucklin/Documents/Documents - Chuck’s MacBook Pro/iOS/11_ProClip/iRead_newSDK_Rel_ProCLI_v04_working/DerivedData/Build/Intermediates.noindex/SimpleRFID.build/Debug-iphoneos/SimpleRFID.build/Objects-normal/arm64/e6072d4f65d7061329687fe24e3d63a7-common-args.resp
    
    builtin-ScanDependencies -o /Users/chucklin/Documents/Documents\ -\ Chuck’s\ MacBook\ Pro/iOS/11_ProClip/iRead_newSDK_Rel_ProCLI_v04_working/DerivedData/Build/Intermediates.noindex/SimpleRFID.build/Debug-iphoneos/SimpleRFID.build/Objects-normal/arm64/ViewController.o.scan -- /Applications/Xcode.app/Contents/Developer/Toolchains/XcodeDefault.xctoolchain/usr/bin/clang -x objective-c -ivfsstatcache /Users/chucklin/Documents/Documents\ -\ Chuck’s\ MacBook\ Pro/iOS/11_ProClip/iRead_newSDK_Rel_ProCLI_v04_working/DerivedData/SDKStatCaches.noindex/iphoneos26.2-23C57-3794476bd08197c3e2abd9bb477ef7f7.sdkstatcache -fmessage-length\=0 -fdiagnostics-show-note-include-stack -fmacro-backtrace-limit\=0 -fno-color-diagnostics -fmodules-prune-interval\=86400 -fmodules-prune-after\=345600 -fbuild-session-file\=/Users/chucklin/Documents/Documents\ -\ Chuck’s\ MacBook\ Pro/iOS/11_ProClip/iRead_newSDK_Rel_ProCLI_v04_working/DerivedData/ModuleCache.noindex/Session.modulevalidation -fmodules-validate-once-per-build-session -Wnon-modular-include-in-framework-module -Werror\=non-modular-include-in-framework-module -Wno-trigraphs -Wno-missing-field-initializers -Wno-missing-prototypes -Werror\=return-type -Wunreachable-code -Wquoted-include-in-framework-header -Wno-implicit-atomic-properties -Werror\=deprecated-objc-isa-usage -Wno-objc-interface-ivars -Werror\=objc-root-class -Wno-arc-repeated-use-of-weak -Wimplicit-retain-self -Wduplicate-method-match -Wno-missing-braces -Wparentheses -Wswitch -Wunused-function -Wno-unused-label -Wno-unused-parameter -Wunused-variable -Wunused-value -Wempty-body -Wuninitialized -Wconditional-uninitialized -Wno-unknown-pragmas -Wno-shadow -Wno-four-char-constants -Wno-conversion -Wconstant-conversion -Wint-conversion -Wbool-conversion -Wenum-conversion -Wno-float-conversion -Wnon-literal-null-conversion -Wobjc-literal-conversion -Wshorten-64-to-32 -Wpointer-sign -Wno-newline-eof -Wno-selector -Wno-strict-selector-match -Wundeclared-selector -Wdeprecated-implementations -Wno-implicit-fallthrough -fstrict-aliasing -Wprotocol -Wdeprecated-declarations -Wno-sign-conversion -Winfinite-recursion -Wcomma -Wblock-capture-autoreleasing -Wstrict-prototypes -Wno-semicolon-before-method-body -index-store-path /Users/chucklin/Documents/Documents\ -\ Chuck’s\ MacBook\ Pro/iOS/11_ProClip/iRead_newSDK_Rel_ProCLI_v04_working/DerivedData/Index.noindex/DataStore @/Users/chucklin/Documents/Documents\ -\ Chuck’s\ MacBook\ Pro/iOS/11_ProClip/iRead_newSDK_Rel_ProCLI_v04_working/DerivedData/Build/Intermediates.noindex/SimpleRFID.build/Debug-iphoneos/SimpleRFID.build/Objects-normal/arm64/e6072d4f65d7061329687fe24e3d63a7-common-args.resp -MMD -MT dependencies -MF /Users/chucklin/Documents/Documents\ -\ Chuck’s\ MacBook\ Pro/iOS/11_ProClip/iRead_newSDK_Rel_ProCLI_v04_working/DerivedData/Build/Intermediates.noindex/SimpleRFID.build/Debug-iphoneos/SimpleRFID.build/Objects-normal/arm64/ViewController.d --serialize-diagnostics /Users/chucklin/Documents/Documents\ -\ Chuck’s\ MacBook\ Pro/iOS/11_ProClip/iRead_newSDK_Rel_ProCLI_v04_working/DerivedData/Build/Intermediates.noindex/SimpleRFID.build/Debug-iphoneos/SimpleRFID.build/Objects-normal/arm64/ViewController.dia -c /Users/chucklin/Documents/Documents\ -\ Chuck’s\ MacBook\ Pro/iOS/11_ProClip/iRead_newSDK_Rel_ProCLI_v04_working/SimpleRFID/ViewController.m -o /Users/chucklin/Documents/Documents\ -\ Chuck’s\ MacBook\ Pro/iOS/11_ProClip/iRead_newSDK_Rel_ProCLI_v04_working/DerivedData/Build/Intermediates.noindex/SimpleRFID.build/Debug-iphoneos/SimpleRFID.build/Objects-normal/arm64/ViewController.o -index-unit-output-path /SimpleRFID.build/Debug-iphoneos/SimpleRFID.build/Objects-normal/arm64/ViewController.o

ScanDependencies /Users/chucklin/Documents/Documents\ -\ Chuck’s\ MacBook\ Pro/iOS/11_ProClip/iRead_newSDK_Rel_ProCLI_v04_working/DerivedData/Build/Intermediates.noindex/SimpleRFID.build/Debug-iphoneos/SimpleRFID.build/Objects-normal/arm64/main.o /Users/chucklin/Documents/Documents\ -\ Chuck’s\ MacBook\ Pro/iOS/11_ProClip/iRead_newSDK_Rel_ProCLI_v04_working/SimpleRFID/main.m normal arm64 objective-c com.apple.compilers.llvm.clang.1_0.compiler (in target 'SimpleRFID' from project 'SimpleRFID')
    cd /Users/chucklin/Documents/Documents\ -\ Chuck’s\ MacBook\ Pro/iOS/11_ProClip/iRead_newSDK_Rel_ProCLI_v04_working
    
    Using response file: /Users/chucklin/Documents/Documents - Chuck’s MacBook Pro/iOS/11_ProClip/iRead_newSDK_Rel_ProCLI_v04_working/DerivedData/Build/Intermediates.noindex/SimpleRFID.build/Debug-iphoneos/SimpleRFID.build/Objects-normal/arm64/e6072d4f65d7061329687fe24e3d63a7-common-args.resp
    
    builtin-ScanDependencies -o /Users/chucklin/Documents/Documents\ -\ Chuck’s\ MacBook\ Pro/iOS/11_ProClip/iRead_newSDK_Rel_ProCLI_v04_working/DerivedData/Build/Intermediates.noindex/SimpleRFID.build/Debug-iphoneos/SimpleRFID.build/Objects-normal/arm64/main.o.scan -- /Applications/Xcode.app/Contents/Developer/Toolchains/XcodeDefault.xctoolchain/usr/bin/clang -x objective-c -ivfsstatcache /Users/chucklin/Documents/Documents\ -\ Chuck’s\ MacBook\ Pro/iOS/11_ProClip/iRead_newSDK_Rel_ProCLI_v04_working/DerivedData/SDKStatCaches.noindex/iphoneos26.2-23C57-3794476bd08197c3e2abd9bb477ef7f7.sdkstatcache -fmessage-length\=0 -fdiagnostics-show-note-include-stack -fmacro-backtrace-limit\=0 -fno-color-diagnostics -fmodules-prune-interval\=86400 -fmodules-prune-after\=345600 -fbuild-session-file\=/Users/chucklin/Documents/Documents\ -\ Chuck’s\ MacBook\ Pro/iOS/11_ProClip/iRead_newSDK_Rel_ProCLI_v04_working/DerivedData/ModuleCache.noindex/Session.modulevalidation -fmodules-validate-once-per-build-session -Wnon-modular-include-in-framework-module -Werror\=non-modular-include-in-framework-module -Wno-trigraphs -Wno-missing-field-initializers -Wno-missing-prototypes -Werror\=return-type -Wunreachable-code -Wquoted-include-in-framework-header -Wno-implicit-atomic-properties -Werror\=deprecated-objc-isa-usage -Wno-objc-interface-ivars -Werror\=objc-root-class -Wno-arc-repeated-use-of-weak -Wimplicit-retain-self -Wduplicate-method-match -Wno-missing-braces -Wparentheses -Wswitch -Wunused-function -Wno-unused-label -Wno-unused-parameter -Wunused-variable -Wunused-value -Wempty-body -Wuninitialized -Wconditional-uninitialized -Wno-unknown-pragmas -Wno-shadow -Wno-four-char-constants -Wno-conversion -Wconstant-conversion -Wint-conversion -Wbool-conversion -Wenum-conversion -Wno-float-conversion -Wnon-literal-null-conversion -Wobjc-literal-conversion -Wshorten-64-to-32 -Wpointer-sign -Wno-newline-eof -Wno-selector -Wno-strict-selector-match -Wundeclared-selector -Wdeprecated-implementations -Wno-implicit-fallthrough -fstrict-aliasing -Wprotocol -Wdeprecated-declarations -Wno-sign-conversion -Winfinite-recursion -Wcomma -Wblock-capture-autoreleasing -Wstrict-prototypes -Wno-semicolon-before-method-body -index-store-path /Users/chucklin/Documents/Documents\ -\ Chuck’s\ MacBook\ Pro/iOS/11_ProClip/iRead_newSDK_Rel_ProCLI_v04_working/DerivedData/Index.noindex/DataStore @/Users/chucklin/Documents/Documents\ -\ Chuck’s\ MacBook\ Pro/iOS/11_ProClip/iRead_newSDK_Rel_ProCLI_v04_working/DerivedData/Build/Intermediates.noindex/SimpleRFID.build/Debug-iphoneos/SimpleRFID.build/Objects-normal/arm64/e6072d4f65d7061329687fe24e3d63a7-common-args.resp -MMD -MT dependencies -MF /Users/chucklin/Documents/Documents\ -\ Chuck’s\ MacBook\ Pro/iOS/11_ProClip/iRead_newSDK_Rel_ProCLI_v04_working/DerivedData/Build/Intermediates.noindex/SimpleRFID.build/Debug-iphoneos/SimpleRFID.build/Objects-normal/arm64/main.d --serialize-diagnostics /Users/chucklin/Documents/Documents\ -\ Chuck’s\ MacBook\ Pro/iOS/11_ProClip/iRead_newSDK_Rel_ProCLI_v04_working/DerivedData/Build/Intermediates.noindex/SimpleRFID.build/Debug-iphoneos/SimpleRFID.build/Objects-normal/arm64/main.dia -c /Users/chucklin/Documents/Documents\ -\ Chuck’s\ MacBook\ Pro/iOS/11_ProClip/iRead_newSDK_Rel_ProCLI_v04_working/SimpleRFID/main.m -o /Users/chucklin/Documents/Documents\ -\ Chuck’s\ MacBook\ Pro/iOS/11_ProClip/iRead_newSDK_Rel_ProCLI_v04_working/DerivedData/Build/Intermediates.noindex/SimpleRFID.build/Debug-iphoneos/SimpleRFID.build/Objects-normal/arm64/main.o -index-unit-output-path /SimpleRFID.build/Debug-iphoneos/SimpleRFID.build/Objects-normal/arm64/main.o

ScanDependencies /Users/chucklin/Documents/Documents\ -\ Chuck’s\ MacBook\ Pro/iOS/11_ProClip/iRead_newSDK_Rel_ProCLI_v04_working/DerivedData/Build/Intermediates.noindex/SimpleRFID.build/Debug-iphoneos/SimpleRFID.build/Objects-normal/arm64/AppDelegate.o /Users/chucklin/Documents/Documents\ -\ Chuck’s\ MacBook\ Pro/iOS/11_ProClip/iRead_newSDK_Rel_ProCLI_v04_working/SimpleRFID/AppDelegate.m normal arm64 objective-c com.apple.compilers.llvm.clang.1_0.compiler (in target 'SimpleRFID' from project 'SimpleRFID')
    cd /Users/chucklin/Documents/Documents\ -\ Chuck’s\ MacBook\ Pro/iOS/11_ProClip/iRead_newSDK_Rel_ProCLI_v04_working
    
    Using response file: /Users/chucklin/Documents/Documents - Chuck’s MacBook Pro/iOS/11_ProClip/iRead_newSDK_Rel_ProCLI_v04_working/DerivedData/Build/Intermediates.noindex/SimpleRFID.build/Debug-iphoneos/SimpleRFID.build/Objects-normal/arm64/e6072d4f65d7061329687fe24e3d63a7-common-args.resp
    
    builtin-ScanDependencies -o /Users/chucklin/Documents/Documents\ -\ Chuck’s\ MacBook\ Pro/iOS/11_ProClip/iRead_newSDK_Rel_ProCLI_v04_working/DerivedData/Build/Intermediates.noindex/SimpleRFID.build/Debug-iphoneos/SimpleRFID.build/Objects-normal/arm64/AppDelegate.o.scan -- /Applications/Xcode.app/Contents/Developer/Toolchains/XcodeDefault.xctoolchain/usr/bin/clang -x objective-c -ivfsstatcache /Users/chucklin/Documents/Documents\ -\ Chuck’s\ MacBook\ Pro/iOS/11_ProClip/iRead_newSDK_Rel_ProCLI_v04_working/DerivedData/SDKStatCaches.noindex/iphoneos26.2-23C57-3794476bd08197c3e2abd9bb477ef7f7.sdkstatcache -fmessage-length\=0 -fdiagnostics-show-note-include-stack -fmacro-backtrace-limit\=0 -fno-color-diagnostics -fmodules-prune-interval\=86400 -fmodules-prune-after\=345600 -fbuild-session-file\=/Users/chucklin/Documents/Documents\ -\ Chuck’s\ MacBook\ Pro/iOS/11_ProClip/iRead_newSDK_Rel_ProCLI_v04_working/DerivedData/ModuleCache.noindex/Session.modulevalidation -fmodules-validate-once-per-build-session -Wnon-modular-include-in-framework-module -Werror\=non-modular-include-in-framework-module -Wno-trigraphs -Wno-missing-field-initializers -Wno-missing-prototypes -Werror\=return-type -Wunreachable-code -Wquoted-include-in-framework-header -Wno-implicit-atomic-properties -Werror\=deprecated-objc-isa-usage -Wno-objc-interface-ivars -Werror\=objc-root-class -Wno-arc-repeated-use-of-weak -Wimplicit-retain-self -Wduplicate-method-match -Wno-missing-braces -Wparentheses -Wswitch -Wunused-function -Wno-unused-label -Wno-unused-parameter -Wunused-variable -Wunused-value -Wempty-body -Wuninitialized -Wconditional-uninitialized -Wno-unknown-pragmas -Wno-shadow -Wno-four-char-constants -Wno-conversion -Wconstant-conversion -Wint-conversion -Wbool-conversion -Wenum-conversion -Wno-float-conversion -Wnon-literal-null-conversion -Wobjc-literal-conversion -Wshorten-64-to-32 -Wpointer-sign -Wno-newline-eof -Wno-selector -Wno-strict-selector-match -Wundeclared-selector -Wdeprecated-implementations -Wno-implicit-fallthrough -fstrict-aliasing -Wprotocol -Wdeprecated-declarations -Wno-sign-conversion -Winfinite-recursion -Wcomma -Wblock-capture-autoreleasing -Wstrict-prototypes -Wno-semicolon-before-method-body -index-store-path /Users/chucklin/Documents/Documents\ -\ Chuck’s\ MacBook\ Pro/iOS/11_ProClip/iRead_newSDK_Rel_ProCLI_v04_working/DerivedData/Index.noindex/DataStore @/Users/chucklin/Documents/Documents\ -\ Chuck’s\ MacBook\ Pro/iOS/11_ProClip/iRead_newSDK_Rel_ProCLI_v04_working/DerivedData/Build/Intermediates.noindex/SimpleRFID.build/Debug-iphoneos/SimpleRFID.build/Objects-normal/arm64/e6072d4f65d7061329687fe24e3d63a7-common-args.resp -MMD -MT dependencies -MF /Users/chucklin/Documents/Documents\ -\ Chuck’s\ MacBook\ Pro/iOS/11_ProClip/iRead_newSDK_Rel_ProCLI_v04_working/DerivedData/Build/Intermediates.noindex/SimpleRFID.build/Debug-iphoneos/SimpleRFID.build/Objects-normal/arm64/AppDelegate.d --serialize-diagnostics /Users/chucklin/Documents/Documents\ -\ Chuck’s\ MacBook\ Pro/iOS/11_ProClip/iRead_newSDK_Rel_ProCLI_v04_working/DerivedData/Build/Intermediates.noindex/SimpleRFID.build/Debug-iphoneos/SimpleRFID.build/Objects-normal/arm64/AppDelegate.dia -c /Users/chucklin/Documents/Documents\ -\ Chuck’s\ MacBook\ Pro/iOS/11_ProClip/iRead_newSDK_Rel_ProCLI_v04_working/SimpleRFID/AppDelegate.m -o /Users/chucklin/Documents/Documents\ -\ Chuck’s\ MacBook\ Pro/iOS/11_ProClip/iRead_newSDK_Rel_ProCLI_v04_working/DerivedData/Build/Intermediates.noindex/SimpleRFID.build/Debug-iphoneos/SimpleRFID.build/Objects-normal/arm64/AppDelegate.o -index-unit-output-path /SimpleRFID.build/Debug-iphoneos/SimpleRFID.build/Objects-normal/arm64/AppDelegate.o

PrecompileModule /Users/chucklin/Documents/Documents\ -\ Chuck’s\ MacBook\ Pro/iOS/11_ProClip/iRead_newSDK_Rel_ProCLI_v04_working/DerivedData/Build/Intermediates.noindex/ExplicitPrecompiledModules/_Builtin_stdbool-F1TC8U9IVBYOC35KPXU4QTRVC.scan
    cd /
    builtin-precompileModule /Users/chucklin/Documents/Documents\ -\ Chuck’s\ MacBook\ Pro/iOS/11_ProClip/iRead_newSDK_Rel_ProCLI_v04_working/DerivedData/Build/Intermediates.noindex/ExplicitPrecompiledModules/_Builtin_stdbool-F1TC8U9IVBYOC35KPXU4QTRVC.scan

PrecompileModule /Users/chucklin/Documents/Documents\ -\ Chuck’s\ MacBook\ Pro/iOS/11_ProClip/iRead_newSDK_Rel_ProCLI_v04_working/DerivedData/Build/Intermediates.noindex/ExplicitPrecompiledModules/_Builtin_stddef-4TQW9A87P1N96XJMWVAFATPVY.scan
    cd /
    builtin-precompileModule /Users/chucklin/Documents/Documents\ -\ Chuck’s\ MacBook\ Pro/iOS/11_ProClip/iRead_newSDK_Rel_ProCLI_v04_working/DerivedData/Build/Intermediates.noindex/ExplicitPrecompiledModules/_Builtin_stddef-4TQW9A87P1N96XJMWVAFATPVY.scan

PrecompileModule /Users/chucklin/Documents/Documents\ -\ Chuck’s\ MacBook\ Pro/iOS/11_ProClip/iRead_newSDK_Rel_ProCLI_v04_working/DerivedData/Build/Intermediates.noindex/ExplicitPrecompiledModules/_Builtin_float-ABRY5VNCB9BPEL3M5Y2MDHHH9.scan
    cd /
    builtin-precompileModule /Users/chucklin/Documents/Documents\ -\ Chuck’s\ MacBook\ Pro/iOS/11_ProClip/iRead_newSDK_Rel_ProCLI_v04_working/DerivedData/Build/Intermediates.noindex/ExplicitPrecompiledModules/_Builtin_float-ABRY5VNCB9BPEL3M5Y2MDHHH9.scan

PrecompileModule /Users/chucklin/Documents/Documents\ -\ Chuck’s\ MacBook\ Pro/iOS/11_ProClip/iRead_newSDK_Rel_ProCLI_v04_working/DerivedData/Build/Intermediates.noindex/ExplicitPrecompiledModules/ptrauth-3X701NAP7Y9SOZO42ZSKXE8B8.scan
    cd /
    builtin-precompileModule /Users/chucklin/Documents/Documents\ -\ Chuck’s\ MacBook\ Pro/iOS/11_ProClip/iRead_newSDK_Rel_ProCLI_v04_working/DerivedData/Build/Intermediates.noindex/ExplicitPrecompiledModules/ptrauth-3X701NAP7Y9SOZO42ZSKXE8B8.scan

PrecompileModule /Users/chucklin/Documents/Documents\ -\ Chuck’s\ MacBook\ Pro/iOS/11_ProClip/iRead_newSDK_Rel_ProCLI_v04_working/DerivedData/Build/Intermediates.noindex/ExplicitPrecompiledModules/_AvailabilityInternal-4KFR7ISZ6BMOYXHWQTWEJTXTB.scan
    cd /
    builtin-precompileModule /Users/chucklin/Documents/Documents\ -\ Chuck’s\ MacBook\ Pro/iOS/11_ProClip/iRead_newSDK_Rel_ProCLI_v04_working/DerivedData/Build/Intermediates.noindex/ExplicitPrecompiledModules/_AvailabilityInternal-4KFR7ISZ6BMOYXHWQTWEJTXTB.scan

PrecompileModule /Users/chucklin/Documents/Documents\ -\ Chuck’s\ MacBook\ Pro/iOS/11_ProClip/iRead_newSDK_Rel_ProCLI_v04_working/DerivedData/Build/Intermediates.noindex/ExplicitPrecompiledModules/ptrcheck-CSEQDYQLOQFHH9T8SZQ404AL0.scan
    cd /
    builtin-precompileModule /Users/chucklin/Documents/Documents\ -\ Chuck’s\ MacBook\ Pro/iOS/11_ProClip/iRead_newSDK_Rel_ProCLI_v04_working/DerivedData/Build/Intermediates.noindex/ExplicitPrecompiledModules/ptrcheck-CSEQDYQLOQFHH9T8SZQ404AL0.scan

PrecompileModule /Users/chucklin/Documents/Documents\ -\ Chuck’s\ MacBook\ Pro/iOS/11_ProClip/iRead_newSDK_Rel_ProCLI_v04_working/DerivedData/Build/Intermediates.noindex/ExplicitPrecompiledModules/_Builtin_stdarg-4HNEFP08SBY18T5UPF89MFX6K.scan
    cd /
    builtin-precompileModule /Users/chucklin/Documents/Documents\ -\ Chuck’s\ MacBook\ Pro/iOS/11_ProClip/iRead_newSDK_Rel_ProCLI_v04_working/DerivedData/Build/Intermediates.noindex/ExplicitPrecompiledModules/_Builtin_stdarg-4HNEFP08SBY18T5UPF89MFX6K.scan

PrecompileModule /Users/chucklin/Documents/Documents\ -\ Chuck’s\ MacBook\ Pro/iOS/11_ProClip/iRead_newSDK_Rel_ProCLI_v04_working/DerivedData/Build/Intermediates.noindex/ExplicitPrecompiledModules/_DarwinFoundation1-CN3P4KS7FPVU611B0M4DZ3VLW.scan
    cd /
    builtin-precompileModule /Users/chucklin/Documents/Documents\ -\ Chuck’s\ MacBook\ Pro/iOS/11_ProClip/iRead_newSDK_Rel_ProCLI_v04_working/DerivedData/Build/Intermediates.noindex/ExplicitPrecompiledModules/_DarwinFoundation1-CN3P4KS7FPVU611B0M4DZ3VLW.scan

PrecompileModule /Users/chucklin/Documents/Documents\ -\ Chuck’s\ MacBook\ Pro/iOS/11_ProClip/iRead_newSDK_Rel_ProCLI_v04_working/DerivedData/Build/Intermediates.noindex/ExplicitPrecompiledModules/_DarwinFoundation2-6K7C5JV0HI5PQIMEEUXD44P8H.scan
    cd /
    builtin-precompileModule /Users/chucklin/Documents/Documents\ -\ Chuck’s\ MacBook\ Pro/iOS/11_ProClip/iRead_newSDK_Rel_ProCLI_v04_working/DerivedData/Build/Intermediates.noindex/ExplicitPrecompiledModules/_DarwinFoundation2-6K7C5JV0HI5PQIMEEUXD44P8H.scan

PrecompileModule /Users/chucklin/Documents/Documents\ -\ Chuck’s\ MacBook\ Pro/iOS/11_ProClip/iRead_newSDK_Rel_ProCLI_v04_working/DerivedData/Build/Intermediates.noindex/ExplicitPrecompiledModules/_Builtin_limits-3IJDJ3H3QHVKDCB6WEC44RY4T.scan
    cd /
    builtin-precompileModule /Users/chucklin/Documents/Documents\ -\ Chuck’s\ MacBook\ Pro/iOS/11_ProClip/iRead_newSDK_Rel_ProCLI_v04_working/DerivedData/Build/Intermediates.noindex/ExplicitPrecompiledModules/_Builtin_limits-3IJDJ3H3QHVKDCB6WEC44RY4T.scan

PrecompileModule /Users/chucklin/Documents/Documents\ -\ Chuck’s\ MacBook\ Pro/iOS/11_ProClip/iRead_newSDK_Rel_ProCLI_v04_working/DerivedData/Build/Intermediates.noindex/ExplicitPrecompiledModules/_Builtin_stdint-DKS7VVSKPO6MSRDTEQTJ22YOS.scan
    cd /
    builtin-precompileModule /Users/chucklin/Documents/Documents\ -\ Chuck’s\ MacBook\ Pro/iOS/11_ProClip/iRead_newSDK_Rel_ProCLI_v04_working/DerivedData/Build/Intermediates.noindex/ExplicitPrecompiledModules/_Builtin_stdint-DKS7VVSKPO6MSRDTEQTJ22YOS.scan

PrecompileModule /Users/chucklin/Documents/Documents\ -\ Chuck’s\ MacBook\ Pro/iOS/11_ProClip/iRead_newSDK_Rel_ProCLI_v04_working/DerivedData/Build/Intermediates.noindex/ExplicitPrecompiledModules/_DarwinFoundation3-4VRH8FMJ5TXGQQBDKTAPG2GXF.scan
    cd /
    builtin-precompileModule /Users/chucklin/Documents/Documents\ -\ Chuck’s\ MacBook\ Pro/iOS/11_ProClip/iRead_newSDK_Rel_ProCLI_v04_working/DerivedData/Build/Intermediates.noindex/ExplicitPrecompiledModules/_DarwinFoundation3-4VRH8FMJ5TXGQQBDKTAPG2GXF.scan

PrecompileModule /Users/chucklin/Documents/Documents\ -\ Chuck’s\ MacBook\ Pro/iOS/11_ProClip/iRead_newSDK_Rel_ProCLI_v04_working/DerivedData/Build/Intermediates.noindex/ExplicitPrecompiledModules/_Builtin_inttypes-5WWX31XQDTQ7EDDJF9B8EUUNJ.scan
    cd /
    builtin-precompileModule /Users/chucklin/Documents/Documents\ -\ Chuck’s\ MacBook\ Pro/iOS/11_ProClip/iRead_newSDK_Rel_ProCLI_v04_working/DerivedData/Build/Intermediates.noindex/ExplicitPrecompiledModules/_Builtin_inttypes-5WWX31XQDTQ7EDDJF9B8EUUNJ.scan

PrecompileModule /Users/chucklin/Documents/Documents\ -\ Chuck’s\ MacBook\ Pro/iOS/11_ProClip/iRead_newSDK_Rel_ProCLI_v04_working/DerivedData/Build/Intermediates.noindex/ExplicitPrecompiledModules/Darwin-8OVVMOT5OAPEXJ0I461M09PCV.scan
    cd /
    builtin-precompileModule /Users/chucklin/Documents/Documents\ -\ Chuck’s\ MacBook\ Pro/iOS/11_ProClip/iRead_newSDK_Rel_ProCLI_v04_working/DerivedData/Build/Intermediates.noindex/ExplicitPrecompiledModules/Darwin-8OVVMOT5OAPEXJ0I461M09PCV.scan

PrecompileModule /Users/chucklin/Documents/Documents\ -\ Chuck’s\ MacBook\ Pro/iOS/11_ProClip/iRead_newSDK_Rel_ProCLI_v04_working/DerivedData/Build/Intermediates.noindex/ExplicitPrecompiledModules/ObjectiveC-6XWGQC007CP2B8RUBSKMFXRY.scan
    cd /
    builtin-precompileModule /Users/chucklin/Documents/Documents\ -\ Chuck’s\ MacBook\ Pro/iOS/11_ProClip/iRead_newSDK_Rel_ProCLI_v04_working/DerivedData/Build/Intermediates.noindex/ExplicitPrecompiledModules/ObjectiveC-6XWGQC007CP2B8RUBSKMFXRY.scan

PrecompileModule /Users/chucklin/Documents/Documents\ -\ Chuck’s\ MacBook\ Pro/iOS/11_ProClip/iRead_newSDK_Rel_ProCLI_v04_working/DerivedData/Build/Intermediates.noindex/ExplicitPrecompiledModules/os_object-6RHDSJC7QZVUCPR9OI4FM8Q78.scan
    cd /
    builtin-precompileModule /Users/chucklin/Documents/Documents\ -\ Chuck’s\ MacBook\ Pro/iOS/11_ProClip/iRead_newSDK_Rel_ProCLI_v04_working/DerivedData/Build/Intermediates.noindex/ExplicitPrecompiledModules/os_object-6RHDSJC7QZVUCPR9OI4FM8Q78.scan

PrecompileModule /Users/chucklin/Documents/Documents\ -\ Chuck’s\ MacBook\ Pro/iOS/11_ProClip/iRead_newSDK_Rel_ProCLI_v04_working/DerivedData/Build/Intermediates.noindex/ExplicitPrecompiledModules/os_workgroup-3MAS3HL1YFYFKL24E4X043W3Z.scan
    cd /
    builtin-precompileModule /Users/chucklin/Documents/Documents\ -\ Chuck’s\ MacBook\ Pro/iOS/11_ProClip/iRead_newSDK_Rel_ProCLI_v04_working/DerivedData/Build/Intermediates.noindex/ExplicitPrecompiledModules/os_workgroup-3MAS3HL1YFYFKL24E4X043W3Z.scan

PrecompileModule /Users/chucklin/Documents/Documents\ -\ Chuck’s\ MacBook\ Pro/iOS/11_ProClip/iRead_newSDK_Rel_ProCLI_v04_working/DerivedData/Build/Intermediates.noindex/ExplicitPrecompiledModules/Dispatch-2RVNEPAV8AY9WXLP360BHEWN2.scan
    cd /
    builtin-precompileModule /Users/chucklin/Documents/Documents\ -\ Chuck’s\ MacBook\ Pro/iOS/11_ProClip/iRead_newSDK_Rel_ProCLI_v04_working/DerivedData/Build/Intermediates.noindex/ExplicitPrecompiledModules/Dispatch-2RVNEPAV8AY9WXLP360BHEWN2.scan

PrecompileModule /Users/chucklin/Documents/Documents\ -\ Chuck’s\ MacBook\ Pro/iOS/11_ProClip/iRead_newSDK_Rel_ProCLI_v04_working/DerivedData/Build/Intermediates.noindex/ExplicitPrecompiledModules/CoreFoundation-7VIEX8W0STIWO8HJM3L6XLZ3C.scan
    cd /
    builtin-precompileModule /Users/chucklin/Documents/Documents\ -\ Chuck’s\ MacBook\ Pro/iOS/11_ProClip/iRead_newSDK_Rel_ProCLI_v04_working/DerivedData/Build/Intermediates.noindex/ExplicitPrecompiledModules/CoreFoundation-7VIEX8W0STIWO8HJM3L6XLZ3C.scan

PrecompileModule /Users/chucklin/Documents/Documents\ -\ Chuck’s\ MacBook\ Pro/iOS/11_ProClip/iRead_newSDK_Rel_ProCLI_v04_working/DerivedData/Build/Intermediates.noindex/ExplicitPrecompiledModules/XPC-67Y51BAPEKB0NX8A1BEV93GXY.scan
    cd /
    builtin-precompileModule /Users/chucklin/Documents/Documents\ -\ Chuck’s\ MacBook\ Pro/iOS/11_ProClip/iRead_newSDK_Rel_ProCLI_v04_working/DerivedData/Build/Intermediates.noindex/ExplicitPrecompiledModules/XPC-67Y51BAPEKB0NX8A1BEV93GXY.scan

PrecompileModule /Users/chucklin/Documents/Documents\ -\ Chuck’s\ MacBook\ Pro/iOS/11_ProClip/iRead_newSDK_Rel_ProCLI_v04_working/DerivedData/Build/Intermediates.noindex/ExplicitPrecompiledModules/CFNetwork-IFEMISDT5LH01CQQMJ2MNVJC.scan
    cd /
    builtin-precompileModule /Users/chucklin/Documents/Documents\ -\ Chuck’s\ MacBook\ Pro/iOS/11_ProClip/iRead_newSDK_Rel_ProCLI_v04_working/DerivedData/Build/Intermediates.noindex/ExplicitPrecompiledModules/CFNetwork-IFEMISDT5LH01CQQMJ2MNVJC.scan

PrecompileModule /Users/chucklin/Documents/Documents\ -\ Chuck’s\ MacBook\ Pro/iOS/11_ProClip/iRead_newSDK_Rel_ProCLI_v04_working/DerivedData/Build/Intermediates.noindex/ExplicitPrecompiledModules/Security-AUJI70B0K6QFLI7S4MN9Q3J9F.scan
    cd /
    builtin-precompileModule /Users/chucklin/Documents/Documents\ -\ Chuck’s\ MacBook\ Pro/iOS/11_ProClip/iRead_newSDK_Rel_ProCLI_v04_working/DerivedData/Build/Intermediates.noindex/ExplicitPrecompiledModules/Security-AUJI70B0K6QFLI7S4MN9Q3J9F.scan

PrecompileModule /Users/chucklin/Documents/Documents\ -\ Chuck’s\ MacBook\ Pro/iOS/11_ProClip/iRead_newSDK_Rel_ProCLI_v04_working/DerivedData/Build/Intermediates.noindex/ExplicitPrecompiledModules/CoreGraphics-DNFOZXZC3QG3A235Y8DZI6V78.scan
    cd /
    builtin-precompileModule /Users/chucklin/Documents/Documents\ -\ Chuck’s\ MacBook\ Pro/iOS/11_ProClip/iRead_newSDK_Rel_ProCLI_v04_working/DerivedData/Build/Intermediates.noindex/ExplicitPrecompiledModules/CoreGraphics-DNFOZXZC3QG3A235Y8DZI6V78.scan

PrecompileModule /Users/chucklin/Documents/Documents\ -\ Chuck’s\ MacBook\ Pro/iOS/11_ProClip/iRead_newSDK_Rel_ProCLI_v04_working/DerivedData/Build/Intermediates.noindex/ExplicitPrecompiledModules/Foundation-3HUNR7MUS05GECPMQR2KL4XEF.scan
    cd /
    builtin-precompileModule /Users/chucklin/Documents/Documents\ -\ Chuck’s\ MacBook\ Pro/iOS/11_ProClip/iRead_newSDK_Rel_ProCLI_v04_working/DerivedData/Build/Intermediates.noindex/ExplicitPrecompiledModules/Foundation-3HUNR7MUS05GECPMQR2KL4XEF.scan

PrecompileModule /Users/chucklin/Documents/Documents\ -\ Chuck’s\ MacBook\ Pro/iOS/11_ProClip/iRead_newSDK_Rel_ProCLI_v04_working/DerivedData/Build/Intermediates.noindex/ExplicitPrecompiledModules/CoreText-1L8ZAKEZ905FPXVDMWWRLG3TP.scan
    cd /
    builtin-precompileModule /Users/chucklin/Documents/Documents\ -\ Chuck’s\ MacBook\ Pro/iOS/11_ProClip/iRead_newSDK_Rel_ProCLI_v04_working/DerivedData/Build/Intermediates.noindex/ExplicitPrecompiledModules/CoreText-1L8ZAKEZ905FPXVDMWWRLG3TP.scan

PrecompileModule /Users/chucklin/Documents/Documents\ -\ Chuck’s\ MacBook\ Pro/iOS/11_ProClip/iRead_newSDK_Rel_ProCLI_v04_working/DerivedData/Build/Intermediates.noindex/ExplicitPrecompiledModules/ImageIO-BL7KIA94NUCT82KFURC91E45I.scan
    cd /
    builtin-precompileModule /Users/chucklin/Documents/Documents\ -\ Chuck’s\ MacBook\ Pro/iOS/11_ProClip/iRead_newSDK_Rel_ProCLI_v04_working/DerivedData/Build/Intermediates.noindex/ExplicitPrecompiledModules/ImageIO-BL7KIA94NUCT82KFURC91E45I.scan

PrecompileModule /Users/chucklin/Documents/Documents\ -\ Chuck’s\ MacBook\ Pro/iOS/11_ProClip/iRead_newSDK_Rel_ProCLI_v04_working/DerivedData/Build/Intermediates.noindex/ExplicitPrecompiledModules/UIUtilities-BPRPD80ZOTBWXOD54NZ386C32.scan
    cd /
    builtin-precompileModule /Users/chucklin/Documents/Documents\ -\ Chuck’s\ MacBook\ Pro/iOS/11_ProClip/iRead_newSDK_Rel_ProCLI_v04_working/DerivedData/Build/Intermediates.noindex/ExplicitPrecompiledModules/UIUtilities-BPRPD80ZOTBWXOD54NZ386C32.scan

PrecompileModule /Users/chucklin/Documents/Documents\ -\ Chuck’s\ MacBook\ Pro/iOS/11_ProClip/iRead_newSDK_Rel_ProCLI_v04_working/DerivedData/Build/Intermediates.noindex/ExplicitPrecompiledModules/UserNotifications-1PUO1PAITY06H4MDY6T7XEOLM.scan
    cd /
    builtin-precompileModule /Users/chucklin/Documents/Documents\ -\ Chuck’s\ MacBook\ Pro/iOS/11_ProClip/iRead_newSDK_Rel_ProCLI_v04_working/DerivedData/Build/Intermediates.noindex/ExplicitPrecompiledModules/UserNotifications-1PUO1PAITY06H4MDY6T7XEOLM.scan

PrecompileModule /Users/chucklin/Documents/Documents\ -\ Chuck’s\ MacBook\ Pro/iOS/11_ProClip/iRead_newSDK_Rel_ProCLI_v04_working/DerivedData/Build/Intermediates.noindex/ExplicitPrecompiledModules/_LocationEssentials-3MVYSKRSBQWK4DLICBF8S0XTT.scan
    cd /
    builtin-precompileModule /Users/chucklin/Documents/Documents\ -\ Chuck’s\ MacBook\ Pro/iOS/11_ProClip/iRead_newSDK_Rel_ProCLI_v04_working/DerivedData/Build/Intermediates.noindex/ExplicitPrecompiledModules/_LocationEssentials-3MVYSKRSBQWK4DLICBF8S0XTT.scan

PrecompileModule /Users/chucklin/Documents/Documents\ -\ Chuck’s\ MacBook\ Pro/iOS/11_ProClip/iRead_newSDK_Rel_ProCLI_v04_working/DerivedData/Build/Intermediates.noindex/ExplicitPrecompiledModules/IOSurface-BN88MAY09N6Z44S3BEG1TDM0J.scan
    cd /
    builtin-precompileModule /Users/chucklin/Documents/Documents\ -\ Chuck’s\ MacBook\ Pro/iOS/11_ProClip/iRead_newSDK_Rel_ProCLI_v04_working/DerivedData/Build/Intermediates.noindex/ExplicitPrecompiledModules/IOSurface-BN88MAY09N6Z44S3BEG1TDM0J.scan

PrecompileModule /Users/chucklin/Documents/Documents\ -\ Chuck’s\ MacBook\ Pro/iOS/11_ProClip/iRead_newSDK_Rel_ProCLI_v04_working/DerivedData/Build/Intermediates.noindex/ExplicitPrecompiledModules/FileProvider-CLU1TLUZTHNDXRBX7F07EXBPI.scan
    cd /
    builtin-precompileModule /Users/chucklin/Documents/Documents\ -\ Chuck’s\ MacBook\ Pro/iOS/11_ProClip/iRead_newSDK_Rel_ProCLI_v04_working/DerivedData/Build/Intermediates.noindex/ExplicitPrecompiledModules/FileProvider-CLU1TLUZTHNDXRBX7F07EXBPI.scan

PrecompileModule /Users/chucklin/Documents/Documents\ -\ Chuck’s\ MacBook\ Pro/iOS/11_ProClip/iRead_newSDK_Rel_ProCLI_v04_working/DerivedData/Build/Intermediates.noindex/ExplicitPrecompiledModules/Symbols-6CP5C9G5IJZ1QPPX4M6RTPJ5W.scan
    cd /
    builtin-precompileModule /Users/chucklin/Documents/Documents\ -\ Chuck’s\ MacBook\ Pro/iOS/11_ProClip/iRead_newSDK_Rel_ProCLI_v04_working/DerivedData/Build/Intermediates.noindex/ExplicitPrecompiledModules/Symbols-6CP5C9G5IJZ1QPPX4M6RTPJ5W.scan

PrecompileModule /Users/chucklin/Documents/Documents\ -\ Chuck’s\ MacBook\ Pro/iOS/11_ProClip/iRead_newSDK_Rel_ProCLI_v04_working/DerivedData/Build/Intermediates.noindex/ExplicitPrecompiledModules/CoreBluetooth-BC7KEN6JVQYEC16KUL7E0FQTY.scan
    cd /
    builtin-precompileModule /Users/chucklin/Documents/Documents\ -\ Chuck’s\ MacBook\ Pro/iOS/11_ProClip/iRead_newSDK_Rel_ProCLI_v04_working/DerivedData/Build/Intermediates.noindex/ExplicitPrecompiledModules/CoreBluetooth-BC7KEN6JVQYEC16KUL7E0FQTY.scan

PrecompileModule /Users/chucklin/Documents/Documents\ -\ Chuck’s\ MacBook\ Pro/iOS/11_ProClip/iRead_newSDK_Rel_ProCLI_v04_working/DerivedData/Build/Intermediates.noindex/ExplicitPrecompiledModules/CoreLocation-CC39AV67T3WFH75EP9KCJEOIO.scan
    cd /
    builtin-precompileModule /Users/chucklin/Documents/Documents\ -\ Chuck’s\ MacBook\ Pro/iOS/11_ProClip/iRead_newSDK_Rel_ProCLI_v04_working/DerivedData/Build/Intermediates.noindex/ExplicitPrecompiledModules/CoreLocation-CC39AV67T3WFH75EP9KCJEOIO.scan

PrecompileModule /Users/chucklin/Documents/Documents\ -\ Chuck’s\ MacBook\ Pro/iOS/11_ProClip/iRead_newSDK_Rel_ProCLI_v04_working/DerivedData/Build/Intermediates.noindex/ExplicitPrecompiledModules/OpenGLES-8TT7U8CU1KX8FYG42V1N6D79W.scan
    cd /
    builtin-precompileModule /Users/chucklin/Documents/Documents\ -\ Chuck’s\ MacBook\ Pro/iOS/11_ProClip/iRead_newSDK_Rel_ProCLI_v04_working/DerivedData/Build/Intermediates.noindex/ExplicitPrecompiledModules/OpenGLES-8TT7U8CU1KX8FYG42V1N6D79W.scan

PrecompileModule /Users/chucklin/Documents/Documents\ -\ Chuck’s\ MacBook\ Pro/iOS/11_ProClip/iRead_newSDK_Rel_ProCLI_v04_working/DerivedData/Build/Intermediates.noindex/ExplicitPrecompiledModules/Metal-8AB92U5EG23UI2QYC6L3QBM98.scan
    cd /
    builtin-precompileModule /Users/chucklin/Documents/Documents\ -\ Chuck’s\ MacBook\ Pro/iOS/11_ProClip/iRead_newSDK_Rel_ProCLI_v04_working/DerivedData/Build/Intermediates.noindex/ExplicitPrecompiledModules/Metal-8AB92U5EG23UI2QYC6L3QBM98.scan

** BUILD FAILED **


The following build commands failed:
	CompileAssetCatalogVariant thinned /Users/chucklin/Documents/Documents\ -\ Chuck’s\ MacBook\ Pro/iOS/11_ProClip/iRead_newSDK_Rel_ProCLI_v04_working/DerivedData/Build/Products/Debug-iphoneos/SimpleRFID.app /Users/chucklin/Documents/Documents\ -\ Chuck’s\ MacBook\ Pro/iOS/11_ProClip/iRead_newSDK_Rel_ProCLI_v04_working/SimpleRFID/Assets.xcassets (in target 'SimpleRFID' from project 'SimpleRFID')
	Building project SimpleRFID with scheme SimpleRFID and configuration Debug
(2 failures)
