2026-03-09 19:59:30.311 xcodebuild[58821:3561042]  DVTFilePathFSEvents: Failed to start fs event stream.
2026-03-09 19:59:30.429 xcodebuild[58821:3561041] [MT] DVTDeveloperPaths: Failed to get length of DARWIN_USER_CACHE_DIR from confstr(3), error = Error Domain=NSPOSIXErrorDomain Code=5 "Input/output error". Using NSCachesDirectory instead.
2026-03-09 19:59:30.644 xcodebuild[58821:3561044] CoreSimulatorService connection became invalid.  Simulator services will no longer be available.
2026-03-09 19:59:30.645 xcodebuild[58821:3561062] Logging connecton invalid: <OS_xpc_error: <dictionary: 0x2059a85d0> { count = 1, transaction: 0, voucher = 0x0, contents =
	"XPCErrorDescription" => <string: 0x2059a8718> { string cache = 0x0, length = 18, contents = "Connection invalid" }
}>
2026-03-09 19:59:30.645 xcodebuild[58821:3561060] Error opening log file (/Users/chucklin/Library/Logs/CoreSimulator/CoreSimulator.com.apple.dt.xcodebuild.log): Operation not permitted
[-[SimServiceContext sendRequest:]:1743] ERROR : Unable to deliver request ({
    "developer_dir" = "/Applications/Xcode.app/Contents/Developer";
    request = "set_developer_dir";
}) because we are not connected to CoreSimulatorService.
Command line invocation:
    /Applications/Xcode.app/Contents/Developer/usr/bin/xcodebuild -project SimpleRFID.xcodeproj -scheme SimpleRFID -destination name=i17Max build

2026-03-09 19:59:30.678 xcodebuild[58821:3561041] [MT] DVTAssertions: Warning in DVTFrameworks/DVTFoundation/FileTypes/DVTFileDataTypeDetection.m:79
Details:  detectedTypeIdentifier (com.apple.binary-property-list) does not conform to matchedTypeIdentifier in MagicFileDataTypeDetector extenson com.apple.property-list. When both are specified, this conformance is required unless overridden by setting allowNonInheritance. extension.identifier:Xcode.MagicFileDataTypeDetector.BinaryPlist
Object:   <DVTFileDataTypeDetectionMagicCache: 0x8641f20d0>
Method:   -initWithExtension:
Thread:   <_NSMainThread: 0x1013397c0>{number = 1, name = main}
Please file a bug at https://feedbackassistant.apple.com with this warning message and any useful information you can provide.
2026-03-09 19:59:30.680 xcodebuild[58821:3561041] [MT] DVTAssertions: Warning in DVTFrameworks/DVTFoundation/FileTypes/DVTFileDataTypeDetection.m:79
Details:  detectedTypeIdentifier (com.apple.xml-property-list) does not conform to matchedTypeIdentifier in MagicFileDataTypeDetector extenson com.apple.property-list. When both are specified, this conformance is required unless overridden by setting allowNonInheritance. extension.identifier:Xcode.MagicFileDataTypeDetector.XMLPlist
Object:   <DVTFileDataTypeDetectionMagicCache: 0x86420c390>
Method:   -initWithExtension:
Thread:   <_NSMainThread: 0x1013397c0>{number = 1, name = main}
Please file a bug at https://feedbackassistant.apple.com with this warning message and any useful information you can provide.
[-[SimServiceContext initWithDeveloperDir:connectionType:error:]:450] WARN  : Unable to discover any Simulator runtimes. Developer Directory is /Applications/Xcode.app/Contents/Developer.
[-[SimDiskImageManager init]:175] ERROR : Could not kickstart simdiskimaged; SimDiskImageManager services will not be available: Error Domain=NSPOSIXErrorDomain Code=53 "Software caused connection abort" UserInfo={NSLocalizedDescription=Error returned in reply from CoreSimulatorService: Connection invalid}
[-[SimDiskImageManager _onQueue_checkConnection:]:239] ERROR : simdiskimaged returned error (invalid), marking disconnected.
[-[SimDiskImageManager _onQueue_checkConnection:]:239] ERROR : simdiskimaged returned error (invalid), marking disconnected.
[-[SimServiceContext initWithDeveloperDir:connectionType:error:]_block_invoke:486] ERROR : Could not get list of trusted mount directories: Error Domain=com.apple.CoreSimulator.SimError Code=410 "The service used to manage runtime disk images (simdiskimaged) crashed or is not responding" UserInfo={NSLocalizedDescription=The service used to manage runtime disk images (simdiskimaged) crashed or is not responding}
[-[SimServiceContext sendRequest:reply:error:]:1763] ERROR : Unable to deliver request ({
    request = "notification_subscription";
    "set_path" = "/Users/chucklin/Library/Developer/CoreSimulator/Devices";
}) because we are not connected to CoreSimulatorService.
2026-03-09 19:59:30.702 xcodebuild[58821:3561062] Error Domain=NSPOSIXErrorDomain Code=61 "Connection refused" UserInfo={NSLocalizedDescription=CoreSimulatorService connection became invalid.  Simulator services will no longer be available.}
[-[SimServiceContext sendRequest:reply:error:]:1763] ERROR : Unable to deliver request ({
    request = "notification_subscription";
    "set_path" = "/Users/chucklin/Library/Developer/CoreSimulator/Devices";
}) because we are not connected to CoreSimulatorService.
2026-03-09 19:59:30.704 xcodebuild[58821:3561062]  iOSSimulator: [SimServiceContext defaultDeviceSetWithError:] returned nil (Error Domain=NSPOSIXErrorDomain Code=61 "Connection refused" UserInfo={NSLocalizedFailureReason=Failed to subscribe to notifications from CoreSimulatorService., NSLocalizedDescription=Failed to initialize simulator device set., NSUnderlyingError=0x8642f16e0 {Error Domain=NSPOSIXErrorDomain Code=61 "Connection refused" UserInfo={NSLocalizedDescription=CoreSimulatorService connection became invalid.  Simulator services will no longer be available.}}}). Simulator device support disabled.
2026-03-09 19:59:30.704 xcodebuild[58821:3561042] Error Domain=NSPOSIXErrorDomain Code=61 "Connection refused" UserInfo={NSLocalizedDescription=CoreSimulatorService connection became invalid.  Simulator services will no longer be available.}
2026-03-09 19:59:30.704 xcodebuild[58821:3561042]  IDESimulatorAvailability: startObservingSimulatorUpdates() FAILED to register SimDeviceSet observer
2026-03-09 19:59:30.732 xcodebuild[58821:3561076]  DVTProvisioningProfileManager: Failed to load profile "/Users/chucklin/Library/Developer/Xcode/UserData/Provisioning Profiles/f3321f18-996d-4d4a-bef6-6001732bbc07.mobileprovision" (Error Domain=DVTProvisioningProfileProviderErrorDomain Code=1 "Failed to load profile." UserInfo={NSLocalizedDescription=Failed to load profile., NSLocalizedRecoverySuggestion=Profile is missing the required UUID property.})
2026-03-09 19:59:30.732 xcodebuild[58821:3561044]  DVTProvisioningProfileManager: Failed to load profile "/Users/chucklin/Library/Developer/Xcode/UserData/Provisioning Profiles/356dbd4b-2597-4394-a326-9a1d5214a7c0.mobileprovision" (Error Domain=DVTProvisioningProfileProviderErrorDomain Code=1 "Failed to load profile." UserInfo={NSLocalizedDescription=Failed to load profile., NSLocalizedRecoverySuggestion=Profile is missing the required UUID property.})
2026-03-09 19:59:30.732 xcodebuild[58821:3561077]  DVTProvisioningProfileManager: Failed to load profile "/Users/chucklin/Library/Developer/Xcode/UserData/Provisioning Profiles/0c42e8c3-491b-46d3-8b13-89354c9a6bcc.mobileprovision" (Error Domain=DVTProvisioningProfileProviderErrorDomain Code=1 "Failed to load profile." UserInfo={NSLocalizedDescription=Failed to load profile., NSLocalizedRecoverySuggestion=Profile is missing the required UUID property.})
2026-03-09 19:59:30.733 xcodebuild[58821:3561075]  DVTProvisioningProfileManager: Failed to load profile "/Users/chucklin/Library/Developer/Xcode/UserData/Provisioning Profiles/f7729a46-e9eb-4b0f-a25b-5b5c465554af.mobileprovision" (Error Domain=DVTProvisioningProfileProviderErrorDomain Code=1 "Failed to load profile." UserInfo={NSLocalizedDescription=Failed to load profile., NSLocalizedRecoverySuggestion=Profile is missing the required UUID property.})
2026-03-09 19:59:30.733 xcodebuild[58821:3561060]  DVTProvisioningProfileManager: Failed to load profile "/Users/chucklin/Library/Developer/Xcode/UserData/Provisioning Profiles/2dd2f18c-ced7-4cb7-9718-d28dff320d9d.mobileprovision" (Error Domain=DVTProvisioningProfileProviderErrorDomain Code=1 "Failed to load profile." UserInfo={NSLocalizedDescription=Failed to load profile., NSLocalizedRecoverySuggestion=Profile is missing the required UUID property.})
2026-03-09 19:59:30.732 xcodebuild[58821:3561068]  DVTProvisioningProfileManager: Failed to load profile "/Users/chucklin/Library/Developer/Xcode/UserData/Provisioning Profiles/96b80548-6c9e-4201-a739-02a17b01218a.mobileprovision" (Error Domain=DVTProvisioningProfileProviderErrorDomain Code=1 "Failed to load profile." UserInfo={NSLocalizedDescription=Failed to load profile., NSLocalizedRecoverySuggestion=Profile is missing the required UUID property.})
2026-03-09 19:59:30.753 xcodebuild[58821:3561068]  IDELogStore: Unable to remove item at path /Users/chucklin/Library/Developer/Xcode/DerivedData/SimpleRFID-gizaviltyrfrtugeqtiuwnlrdkux/Logs/Launch/Run-SimpleRFID-2026.03.09_17-14-10--0400.xcresult: Error Domain=NSCocoaErrorDomain Code=513 "“Run-SimpleRFID-2026.03.09_17-14-10--0400.xcresult” couldn’t be removed because you don’t have permission to access it." UserInfo={NSUserStringVariant=(
    Remove
), NSFilePath=/Users/chucklin/Library/Developer/Xcode/DerivedData/SimpleRFID-gizaviltyrfrtugeqtiuwnlrdkux/Logs/Launch/Run-SimpleRFID-2026.03.09_17-14-10--0400.xcresult, NSURL=file:///Users/chucklin/Library/Developer/Xcode/DerivedData/SimpleRFID-gizaviltyrfrtugeqtiuwnlrdkux/Logs/Launch/Run-SimpleRFID-2026.03.09_17-14-10--0400.xcresult, NSUnderlyingError=0x8648bc510 {Error Domain=NSPOSIXErrorDomain Code=1 "Operation not permitted"}}
2026-03-09 19:59:30.754 xcodebuild[58821:3561068]  IDELogStore: Unable to remove item at path /Users/chucklin/Library/Developer/Xcode/DerivedData/SimpleRFID-gizaviltyrfrtugeqtiuwnlrdkux/Logs/Launch/Run-SimpleRFID-2026.03.09_19-43-08--0400.xcresult: Error Domain=NSCocoaErrorDomain Code=513 "“Run-SimpleRFID-2026.03.09_19-43-08--0400.xcresult” couldn’t be removed because you don’t have permission to access it." UserInfo={NSUserStringVariant=(
    Remove
), NSFilePath=/Users/chucklin/Library/Developer/Xcode/DerivedData/SimpleRFID-gizaviltyrfrtugeqtiuwnlrdkux/Logs/Launch/Run-SimpleRFID-2026.03.09_19-43-08--0400.xcresult, NSURL=file:///Users/chucklin/Library/Developer/Xcode/DerivedData/SimpleRFID-gizaviltyrfrtugeqtiuwnlrdkux/Logs/Launch/Run-SimpleRFID-2026.03.09_19-43-08--0400.xcresult, NSUnderlyingError=0x8648f48a0 {Error Domain=NSPOSIXErrorDomain Code=1 "Operation not permitted"}}
2026-03-09 19:59:30.756 xcodebuild[58821:3561068]  IDELogStore: Unable to remove item at path /Users/chucklin/Library/Developer/Xcode/DerivedData/SimpleRFID-gizaviltyrfrtugeqtiuwnlrdkux/Logs/Launch/Run-SimpleRFID-2026.03.09_19-43-45--0400.xcresult: Error Domain=NSCocoaErrorDomain Code=513 "“Run-SimpleRFID-2026.03.09_19-43-45--0400.xcresult” couldn’t be removed because you don’t have permission to access it." UserInfo={NSUserStringVariant=(
    Remove
), NSFilePath=/Users/chucklin/Library/Developer/Xcode/DerivedData/SimpleRFID-gizaviltyrfrtugeqtiuwnlrdkux/Logs/Launch/Run-SimpleRFID-2026.03.09_19-43-45--0400.xcresult, NSURL=file:///Users/chucklin/Library/Developer/Xcode/DerivedData/SimpleRFID-gizaviltyrfrtugeqtiuwnlrdkux/Logs/Launch/Run-SimpleRFID-2026.03.09_19-43-45--0400.xcresult, NSUnderlyingError=0x8648f5c20 {Error Domain=NSPOSIXErrorDomain Code=1 "Operation not permitted"}}
2026-03-09 19:59:30.757 xcodebuild[58821:3561068]  IDELogStore: Unable to remove item at path /Users/chucklin/Library/Developer/Xcode/DerivedData/SimpleRFID-gizaviltyrfrtugeqtiuwnlrdkux/Logs/Launch/Run-SimpleRFID-2026.03.09_19-42-44--0400.xcresult: Error Domain=NSCocoaErrorDomain Code=513 "“Run-SimpleRFID-2026.03.09_19-42-44--0400.xcresult” couldn’t be removed because you don’t have permission to access it." UserInfo={NSUserStringVariant=(
    Remove
), NSFilePath=/Users/chucklin/Library/Developer/Xcode/DerivedData/SimpleRFID-gizaviltyrfrtugeqtiuwnlrdkux/Logs/Launch/Run-SimpleRFID-2026.03.09_19-42-44--0400.xcresult, NSURL=file:///Users/chucklin/Library/Developer/Xcode/DerivedData/SimpleRFID-gizaviltyrfrtugeqtiuwnlrdkux/Logs/Launch/Run-SimpleRFID-2026.03.09_19-42-44--0400.xcresult, NSUnderlyingError=0x8648f5e30 {Error Domain=NSPOSIXErrorDomain Code=1 "Operation not permitted"}}
2026-03-09 19:59:30.829 xcodebuild[58821:3561041] [MT] IDERunDestination: Supported platforms for the buildables in the current scheme is empty.
2026-03-09 20:00:30.935 xcodebuild[58821:3561041] Writing error result bundle to /var/folders/wb/tnlc2p613r340yh3bnnlf08r0000gn/T/ResultBundle_2026-09-03_20-00-0030.xcresult
xcodebuild: error: Unable to find a device matching the provided destination specifier:
		{ name:i17Max }

	The requested device could not be found because no available devices matched the request.

	Available destinations for the "SimpleRFID" scheme:
		{ platform:macOS, arch:arm64, variant:Designed for [iPad,iPhone], id:00008142-000A20E2146B801C, name:My Mac }
		{ platform:iOS, id:dvtdevice-DVTiPhonePlaceholder-iphoneos:placeholder, name:Any iOS Device }
		{ platform:iOS Simulator, id:dvtdevice-DVTiOSDeviceSimulatorPlaceholder-iphonesimulator:placeholder, name:Any iOS Simulator Device }
